  ERROR [+7060]  InitHMMSet: Expected newline after 1'th HMM
  ERROR [+3228]  Initialise: MakeHMMSet failed
 FATAL ERROR - Terminating program HVite
  ERROR [+7060]  InitHMMSet: Expected newline after 1'th HMM
  ERROR [+3228]  Initialise: MakeHMMSet failed
 FATAL ERROR - Terminating program HVite
  ERROR [+7060]  InitHMMSet: Expected newline after 1'th HMM
  ERROR [+3228]  Initialise: MakeHMMSet failed
 FATAL ERROR - Terminating program HVite
Read 5528 physical / 5528 logical HMMs
Read lattice with 7242 nodes / 14479 arcs
Created network with 64189 nodes / 71426 links
File: ./Dataset_MFCC/set_3/A006/1_006.mfc
AU KACA INFORMASI BAHWA AKTE SYUKUR MEMBELI SENJATA DARI PASAR GELAP CIPACING  ==  [789 frames] -58.8131 [Ac=-45870.2 LM=-533.4] (Act=63250.0)
File: ./Dataset_MFCC/set_3/A006/1_102.mfc
AU APAKAH ANDA PUTRANYA PAK ZULKIFLI GANI YUYUN EH  ==  [700 frames] -57.5326 [Ac=-39872.8 LM=-400.1] (Act=63130.9)
File: ./Dataset_MFCC/set_3/A006/1_103.mfc
AU APAKAH ISA CENDANA AMANKAN ALAMAT SAJA  ==  [709 frames] -56.8179 [Ac=-39972.7 LM=-311.2] (Act=63144.3)
File: ./Dataset_MFCC/set_3/A006/1_105.mfc
AU APAKAH BISA DIWAKILKAN OLEH KADIR RAHMAN DE  ==  [639 frames] -57.8938 [Ac=-36638.5 LM=-355.6] (Act=63030.1)
File: ./Dataset_MFCC/set_3/A006/1_106.mfc
AU APAKAH LISA VIA TRANSFER RUTAN CIMB  ==  [763 frames] -55.9039 [Ac=-42343.6 LM=-311.2] (Act=63218.1)
File: ./Dataset_MFCC/set_3/A006/1_107.mfc
H APAKAH CUKUP DENGAN MATERAI TIKET ITU TANYA HARIMAU TAPANULI  ==  [729 frames] -59.0924 [Ac=-42633.9 LM=-444.5] (Act=63172.9)
File: ./Dataset_MFCC/set_3/A006/1_108.mfc
AU APAKAH DAPAT DILAKUKAN PEREKAMAN PEMBICARAAN SELAMA AUDIOCONFERENCE  ==  [860 frames] -58.7396 [Ac=-50160.5 LM=-355.6] (Act=63327.4)
File: ./Dataset_MFCC/set_3/A006/1_110.mfc
AU APAKAH DAUN SEMBILAN NYA SUDAH TERTUTUP ATAU MASIH TERBUKA  ==  [692 frames] -58.6115 [Ac=-40114.7 LM=-444.5] (Act=63118.7)
File: ./Dataset_MFCC/set_3/A006/1_111.mfc
AU APAKAH HARUS SENEN SURAT KUASA YANATERA LAIN ENAM RICUH RUPIAH  ==  [749 frames] -58.6370 [Ac=-43430.2 LM=-489.0] (Act=63200.0)
File: ./Dataset_MFCC/set_3/A006/1_112.mfc
AU APAKAH HARUS PUNYA KARTU KELUARGA ATAU NIKAH PECAH  ==  [687 frames] -58.5576 [Ac=-39829.0 LM=-400.1] (Act=63110.9)
File: ./Dataset_MFCC/set_3/A006/1_113.mfc
AU APAKAH HGB AHMAD KEMAL IDRIS ISA DIAMBIL HARI RICUH YA  ==  [705 frames] -58.9111 [Ac=-41043.4 LM=-489.0] (Act=63138.4)
File: ./Dataset_MFCC/set_3/A006/1_114.mfc
AU APAKAH IMB SAYA SUDAH KELAR  ==  [595 frames] -55.9649 [Ac=-33032.4 LM=-266.7] (Act=62944.6)
File: ./Dataset_MFCC/set_3/A006/1_115.mfc
AH GIE APAKAH SET BALE AND DIPESAN TATA DIUBAH  ==  [656 frames] -57.3197 [Ac=-37201.7 LM=-400.1] (Act=63060.1)
File: ./Dataset_MFCC/set_3/A006/1_116.mfc
AU APAKAH JENDELA GARASI SUDAH TERTUTUP  ==  [574 frames] -56.8470 [Ac=-32363.5 LM=-266.7] (Act=62899.1)
File: ./Dataset_MFCC/set_3/A006/1_118.mfc
NYI KI APAKAH KAMAR MANDI GELAP ATAU TERANG  ==  [616 frames] -58.1215 [Ac=-35447.2 LM=-355.6] (Act=62986.9)
File: ./Dataset_MFCC/set_3/A006/1_120.mfc
AU APAKAH KARTU NPWP SAYA ISA DIAMBIL MINGGU DEPAN TANYA HAMID HUSEIN  ==  [776 frames] -58.3822 [Ac=-44771.2 LM=-533.4] (Act=63234.4)
File: ./Dataset_MFCC/set_3/A006/1_121.mfc
NYI APAKAH KESEHATAN ANDA SUDAH PULIH KEMBALI  ==  [576 frames] -57.4410 [Ac=-32774.9 LM=-311.2] (Act=62903.6)
File: ./Dataset_MFCC/set_3/A006/1_122.mfc
AU APAKAH KAKAK ACHYAR ILYAS BISA DIAMBIL HARI IRAK PUN USAH  ==  [733 frames] -58.8099 [Ac=-42618.7 LM=-489.0] (Act=63178.5)
File: ./Dataset_MFCC/set_3/A006/1_123.mfc
AU APAKAH KONDISI ANDA SUDAH MEMBAIK  ==  [506 frames] -58.4196 [Ac=-29293.6 LM=-266.7] (Act=62726.0)
File: ./Dataset_MFCC/set_3/A006/1_124.mfc
DE APAKAH KTP SAYA SUDAH SELESAI NICK  ==  [524 frames] -58.7587 [Ac=-30478.4 LM=-311.2] (Act=62776.2)
File: ./Dataset_MFCC/set_3/A006/1_125.mfc
AU APAKAH MASS SIAGA BIAYA-BIAYA LAINNYA  ==  [578 frames] -56.6580 [Ac=-32481.7 LM=-266.7] (Act=62908.0)
File: ./Dataset_MFCC/set_3/A006/1_126.mfc
AU KHAS APAKAH MUNGKIN BIAYA PERCAKAPAN DIBEBANKAN KE MASING-MASING ORANG  ==  [686 frames] -60.5092 [Ac=-41064.8 LM=-444.5] (Act=63109.4)
File: ./Dataset_MFCC/set_3/A006/1_127.mfc
DE APAKAH NAMA ANDA ZAINAB MASYITA  ==  [589 frames] -57.1024 [Ac=-33366.6 LM=-266.7] (Act=62931.9)
File: ./Dataset_MFCC/set_3/A006/1_128.mfc
NYI APAKAH NEGARA RATUS SWASTA AYAH HARUS BERTANGGUNGJAWAB NUH  ==  [567 frames] -59.1042 [Ac=-33112.0 LM=-400.1] (Act=62883.2)
File: ./Dataset_MFCC/set_3/A006/1_129.mfc
AU APAKAH NPWP SAYA ISA DIAMBIL SELASA MINGGU INI UNTUK NGURUS SEKOLAH ANAK DI PALEMBANG SINI  ==  [931 frames] -58.9130 [Ac=-54136.8 LM=-711.2] (Act=63393.0)
File: ./Dataset_MFCC/set_3/A006/1_136.mfc
AU APAKAH SIM SAYA SUDAH SELESAI AYIP  ==  [495 frames] -58.2915 [Ac=-28543.1 LM=-311.2] (Act=62693.6)
File: ./Dataset_MFCC/set_3/A006/1_137.mfc
AU APAKAH SURAT NIKAH SAYA SUDAH RAMPUNG TOH KE  ==  [536 frames] -57.7276 [Ac=-30541.9 LM=-400.1] (Act=62807.8)
File: ./Dataset_MFCC/set_3/A006/1_138.mfc
DE APAKAH TRUK BIAYA NYELONONG ATAU BAGAIMANA  ==  [641 frames] -56.9599 [Ac=-36200.2 LM=-311.2] (Act=63033.7)
File: ./Dataset_MFCC/set_3/A006/1_139.mfc
AU GIE APALAGI GARUT SUDAH SAMPAI MEMBAHAYAKAN PETUGAS ATAU MENGGANGGU KHALAYAK UMUM  ==  [901 frames] -59.0650 [Ac=-52684.2 LM=-533.4] (Act=63366.5)
File: ./Dataset_MFCC/set_3/A006/1_140.mfc
AH KI APALAGI PENDUDUK MINTA HINGGA HARGA LIMA KALI NJOP KAN SUSAH  ==  [873 frames] -59.1362 [Ac=-51092.5 LM=-533.4] (Act=63340.2)
File: ./Dataset_MFCC/set_3/A006/1_141.mfc
AU APARAT JUGA MEMBUBARKAN KONVOI GIE YANG MENGGUNAKAN TRUK DAN SEPEDA MOTOR  ==  [855 frames] -58.7513 [Ac=-49699.0 LM=-533.4] (Act=63322.4)
File: ./Dataset_MFCC/set_3/A006/1_142.mfc
DE APARAT MELAKUKAN PENGEMBANGAN GIE PANDEGLANG DAN DIANTARANYA DITANGKAP ZIA  ==  [883 frames] -57.8272 [Ac=-50616.9 LM=-444.5] (Act=63349.8)
File: ./Dataset_MFCC/set_3/A006/1_143.mfc
P APARAT GOLKAR KALIMANTAN TENGAH MENANGKAP YOHANES PAULUS RIAU  ==  [715 frames] -58.8339 [Ac=-41666.2 LM=-400.1] (Act=63153.1)
File: ./Dataset_MFCC/set_3/A006/1_144.mfc
AU API BERMULA CARI LANTAI DUA RUMAH MILIK PEANG ATAU ALIRAN YANG TERPUTUS  ==  [699 frames] -59.4066 [Ac=-40947.3 LM=-577.9] (Act=63129.4)
File: ./Dataset_MFCC/set_3/A006/1_145.mfc
AU KI ARDIKA MENGAKUI TANYA MASALAH TENTANG ZONASI TERHADAP SITUS ARKEOLOGI  ==  [766 frames] -59.9621 [Ac=-45442.0 LM=-489.0] (Act=63221.9)
File: ./Dataset_MFCC/set_3/A006/1_146.mfc
NYI ARAB LAUT DWIPANGGA MERUPAKAN ANGGOTA SATUAN POLANTAS  ==  [739 frames] -57.7071 [Ac=-42289.9 LM=-355.6] (Act=63186.7)
File: ./Dataset_MFCC/set_3/A006/1_147.mfc
AU ARTEFAK SITUS PEMUJAAN DI SUNDA DIJAGA OLEH ASEP EFFENDI RI PANDEGLANG  ==  [857 frames] -59.2587 [Ac=-50251.3 LM=-533.4] (Act=63324.4)
File: ./Dataset_MFCC/set_3/A006/1_148.mfc
AU ARUS TKI Y DIPULANGKAN DARI TAWAU SETIAP HARI TERUS MENINGKAT AKTE  ==  [772 frames] -57.7850 [Ac=-44076.6 LM=-533.4] (Act=63229.4)
File: ./Dataset_MFCC/set_3/A006/1_149.mfc
P AS DAN WTO TEKAN JAKARTA UNTUK BAYAR KERING  ==  [759 frames] -57.1283 [Ac=-42960.4 LM=-400.1] (Act=63213.0)
File: ./Dataset_MFCC/set_3/A006/1_150.mfc
AU KE AS KHAWATIR APARATNYA ITU TIGA BECUS  ==  [649 frames] -57.2769 [Ac=-36817.1 LM=-355.6] (Act=63047.9)
File: ./Dataset_MFCC/set_3/A006/1_151.mfc
AU AS MENURUNKAN PASUKAN KOMANDO KHUSUSDI KUWAIT PEMBICARA ARYO WOWOR  ==  [857 frames] -58.2738 [Ac=-49496.2 LM=-444.5] (Act=63324.4)
File: ./Dataset_MFCC/set_3/A006/1_152.mfc
AU ASAS KEBEBASAN BERTINDAK AKAN MUNGKAR MENJADI TINDAKAN YANG MELAMPAUI WEWENANG  ==  [802 frames] -59.3381 [Ac=-47100.2 LM=-489.0] (Act=63265.2)
File: ./Dataset_MFCC/set_3/A006/1_154.mfc
NYI ASUMSI DASAR FEODALISME IALAH BAWA MANUSIA PACET DASARNYA TIGA SAMA  ==  [857 frames] -57.6263 [Ac=-48896.8 LM=-489.0] (Act=63324.4)
File: ./Dataset_MFCC/set_3/A006/1_156.mfc
P AUZUBILLAH JANGAN SAMPAIKAN BOM MENGATAKAN ALLAH TIGA KADIR  ==  [700 frames] -58.6537 [Ac=-40657.5 LM=-400.1] (Act=63130.9)
File: ./Dataset_MFCC/set_3/A006/1_157.mfc
AU AWAK PAN NYENYAK DIGEREBEK TAK M ENTAH DARI SUNGAI AMAZON H  ==  [733 frames] -57.7906 [Ac=-41827.1 LM=-533.4] (Act=63178.5)
File: ./Dataset_MFCC/set_3/A006/1_159.mfc
P AYAH SLAMET BERNAMA AZRUL AZWAR PENGASUH PONPES STAF AKUI IRENG JOMBANG  ==  [908 frames] -57.1401 [Ac=-51349.8 LM=-533.4] (Act=63372.8)
File: ./Dataset_MFCC/set_3/A006/1_162.mfc
P KI AZWAR HASSAN ATAU AHMAD ALI YANG AKAN MENYERAHKAN DANA BANSOS  ==  [785 frames] -58.2065 [Ac=-45158.7 LM=-533.4] (Act=63245.3)
File: ./Dataset_MFCC/set_3/A006/1_163.mfc
P AZYUMARDI AZRA AKAN MENGGANTIKAN AYIP SYAFRUDDIN MEMIMPIN TANGAN ASIAN ISTIQLAL  ==  [929 frames] -58.4989 [Ac=-53856.5 LM=-489.0] (Act=63391.2)
File: ./Dataset_MFCC/set_3/A006/1_165.mfc
AU TANYA DAI INI SUDAH MEREDA SETELAH MEMASUKI DARATAN  ==  [664 frames] -57.0722 [Ac=-37495.9 LM=-400.1] (Act=63073.7)
File: ./Dataset_MFCC/set_3/A006/1_166.mfc
P PACET ZAINI DAN KAPOLWIL CIREBON MELAKUKAN KAKAK HINGGA ANCAM DUA DINI HARI  ==  [830 frames] -58.4487 [Ac=-47934.6 LM=-577.9] (Act=63296.3)
File: ./Dataset_MFCC/set_3/A006/1_167.mfc
AU BAGAIMANA PILAR PESERTA HATI TERLAMBAT MENGHADIRI TELECONFERENCE  ==  [633 frames] -58.5196 [Ac=-36687.3 LM=-355.6] (Act=63019.1)
File: ./Dataset_MFCC/set_3/A006/1_168.mfc
AU BAGAIMANA CARA DAFTARNYA  ==  [499 frames] -55.4985 [Ac=-27516.0 LM=-177.8] (Act=62705.5)
File: ./Dataset_MFCC/set_3/A006/1_170.mfc
DE BAGAIMANA JAMINAN TAWAU PESANAN KAMI AKAN TERPENUHI  ==  [652 frames] -57.0921 [Ac=-36868.5 LM=-355.6] (Act=63053.2)
File: ./Dataset_MFCC/set_3/A006/1_171.mfc
AH BAGAIMANA JIKA TANYA PEMESAN YANG TIGA BERTANGGUNGJAWAB KE  ==  [627 frames] -57.1925 [Ac=-35459.7 LM=-400.1] (Act=63008.0)
File: ./Dataset_MFCC/set_3/A006/1_172.mfc
AU BAGAIMANA JIKA NOMER REGISTRASI SAYA HILANG AH  ==  [578 frames] -57.5139 [Ac=-32887.4 LM=-355.6] (Act=62908.0)
File: ./Dataset_MFCC/set_3/A006/1_173.mfc
AU BAGAIMANA STATUS AKTE KELAHIRAN ANAK SAYA  ==  [576 frames] -57.9095 [Ac=-33044.7 LM=-311.2] (Act=62903.6)
File: ./Dataset_MFCC/set_3/A006/1_174.mfc
AU BAGAIMANA STATUS HGB SAYA SAAT INI  ==  [513 frames] -57.8517 [Ac=-29366.8 LM=-311.2] (Act=62746.0)
File: ./Dataset_MFCC/set_3/A006/1_176.mfc
AU BAGAIMANA STATUSNYA WAKIL BUPATI SIDOARJO SYAIFULLAH KIAN DITANGKAP PATI MALAM  ==  [800 frames] -58.8380 [Ac=-46581.4 LM=-489.0] (Act=63262.9)
File: ./Dataset_MFCC/set_3/A006/1_177.mfc
AU EKI KRITIS SATRIA AHMAD CUMAN PEMBORONG KECIL-KECILAN  ==  [646 frames] -59.0279 [Ac=-37776.4 LM=-355.6] (Act=63042.6)
File: ./Dataset_MFCC/set_3/A006/1_178.mfc
AU SET TAJ EKI ICAL BENDAHARA UMUM MUNIF BASYUNI SUDAH SEPERTI SAUDARANYA  ==  [749 frames] -59.4712 [Ac=-44010.6 LM=-533.4] (Act=63200.0)
File: ./Dataset_MFCC/set_3/A006/1_179.mfc
AU PAGI SYAFII YA ALBERT HASIBUAN MERUPAKAN ADVOKAT SENIOR YANG KORUP  ==  [693 frames] -59.1179 [Ac=-40479.7 LM=-489.0] (Act=63120.3)
File: ./Dataset_MFCC/set_3/A006/1_180.mfc
AU PAGI YAYUK ANAKNYA TIGA REWEL DAN GANTENG PULA  ==  [639 frames] -57.1279 [Ac=-36104.7 LM=-400.1] (Act=63030.1)
File: ./Dataset_MFCC/set_3/A006/1_181.mfc
P BAHKAN NYANYI BAGIMU NEGERI DAN NYIUR MELAMBAI SAJA SAMBIL JINGKRAK-JINGKRAK KE  ==  [827 frames] -58.6153 [Ac=-47941.5 LM=-533.4] (Act=63293.1)
File: ./Dataset_MFCC/set_3/A006/1_184.mfc
AU TAMBANG SUB SIPIL AKAN SUSUL RING KIAN KI MENUJU DENMARK TAJ RATE IYA  ==  [778 frames] -59.7069 [Ac=-45829.6 LM=-622.3] (Act=63236.8)
File: ./Dataset_MFCC/set_3/A006/1_185.mfc
H BANGSA INDONESIA MEMERLUKAN PEMIMPIN BANGSA BERTIPE ADMINISTRATOR  ==  [709 frames] -58.4325 [Ac=-41073.0 LM=-355.6] (Act=63144.3)
File: ./Dataset_MFCC/set_3/A006/1_186.mfc
AU KANS KAIN DITOLAK TAK CEPAT OLEH EFORIA YANG MENIMBULKAN PARU PARKIR MASALAH  ==  [848 frames] -57.3234 [Ac=-48032.4 LM=-577.9] (Act=63315.2)
File: ./Dataset_MFCC/set_3/A006/1_187.mfc
AU BANGSA PALESTINA MENGANGGAP JERUSALEM TIMOR KAMPUNG HALAMANNYA  ==  [943 frames] -55.5169 [Ac=-51996.8 LM=-355.6] (Act=63403.1)
File: ./Dataset_MFCC/set_3/A006/1_188.mfc
AU BANJIR MELANDA KECAMATAN KALI INDAH PULANG FEBRUARI LALU  ==  [688 frames] -56.4881 [Ac=-38463.8 LM=-400.1] (Act=63112.5)
File: ./Dataset_MFCC/set_3/A006/1_189.mfc
AU H BANK ASIA TERSUKSES YAITU UTANG BCA KANG BNI GANTENG BTN  ==  [882 frames] -57.2775 [Ac=-49985.4 LM=-533.4] (Act=63348.8)
File: ./Dataset_MFCC/set_3/A006/1_190.mfc
P KANG DALAM PENYEHATAN YAITU BANK PERMATA KANG SENTRAL JANTAN SEWU  ==  [887 frames] -56.5056 [Ac=-49631.5 LM=-489.0] (Act=63353.6)
File: ./Dataset_MFCC/set_3/A006/1_191.mfc
QUO KANG DUNIA MEMBERI SUNTIKAN DANA KEPADA KANG DANAMON GANTENG JAKARTA  ==  [834 frames] -58.0603 [Ac=-47933.4 LM=-489.0] (Act=63300.6)
File: ./Dataset_MFCC/set_3/A006/1_192.mfc
P PAN KONVENSIONAL GIE INDONESIA DIANTARANYA KANG LIPPO PAN NIKAH TENTANG NIAGA  ==  [935 frames] -57.6032 [Ac=-53325.6 LM=-533.4] (Act=63396.4)
File: ./Dataset_MFCC/set_3/A006/1_193.mfc
AU KANG MUAMALAT MERUPAKAN PIONIR KANG SYARIAH GIE INDONESIA  ==  [763 frames] -56.5857 [Ac=-42774.8 LM=-400.1] (Act=63218.1)
File: ./Dataset_MFCC/set_3/A006/1_194.mfc
AU KANG PEMBANGUNAN ASIA SYAM RATA TUTUPNYA  ==  [634 frames] -56.2180 [Ac=-35331.0 LM=-311.2] (Act=63021.0)
File: ./Dataset_MFCC/set_3/A006/1_195.mfc
AU AH BANTUAN KANG SYARIAH MANDIRI PECAH ANGKAT TIGA TAHUN AKAN DIRE-VI-YU TIAP TAHUN  ==  [995 frames] -57.8613 [Ac=-56949.7 LM=-622.3] (Act=63444.0)
File: ./Dataset_MFCC/set_3/A006/1_197.mfc
AU KI PANJA BAYI YANG KEKURANGAN GIZI JELAS SYIFA  ==  [643 frames] -56.3592 [Ac=-35838.9 LM=-400.1] (Act=63037.3)
File: ./Dataset_MFCC/set_3/A006/1_198.mfc
AU BANYAK ORANGNYA MEMAKAI WIG TIGA-EMPAT SYAM SAAT SET ISA PUSING  ==  [830 frames] -57.3700 [Ac=-47128.2 LM=-489.0] (Act=63296.3)
File: ./Dataset_MFCC/set_3/A006/1_199.mfc
AU BANYAK PAKAR WAYANG MASIH TRAUMA KAKAK KASUS KERUSUHAN GIE SAMPIT  ==  [735 frames] -57.6680 [Ac=-41897.0 LM=-489.0] (Act=63181.2)
File: ./Dataset_MFCC/set_3/A006/1_200.mfc
AU TANYA PELANGGARAN YANG TIGA DISAJIKAN KO HUKUM IMBUH AHMAD KACA  ==  [760 frames] -57.8058 [Ac=-43443.5 LM=-489.0] (Act=63214.3)
File: ./Dataset_MFCC/set_3/A006/1_202.mfc
AU PARU MENANG YANG KEMBALI CRANE DEPHUT HINGGA JAM RUANG TEGAS  ==  [732 frames] -57.1343 [Ac=-41333.3 LM=-489.0] (Act=63177.1)
File: ./Dataset_MFCC/set_3/A006/1_203.mfc
AU PARU SYAIFUL DAN DUA SAUDARANYA JELAS JUSUF LAGI  ==  [700 frames] -56.8296 [Ac=-39380.7 LM=-400.1] (Act=63130.9)
File: ./Dataset_MFCC/set_3/A006/1_204.mfc
AU BAYAR DISINI MAKSUDNYA APA TANYA SITI SURAJI CENDANA KRAYAN KESAL  ==  [860 frames] -56.8929 [Ac=-48438.9 LM=-489.0] (Act=63327.4)
File: ./Dataset_MFCC/set_3/A006/1_206.mfc
AU KI BAYI IKAN BAHKAN ORANGTUA JOMPO BERJEMUR HINGGA JAM SEPULUH  ==  [757 frames] -57.7632 [Ac=-43237.8 LM=-489.0] (Act=63210.4)
File: ./Dataset_MFCC/set_3/A006/1_207.mfc
AU BAYI SEMBILAN BULAN DICULIK CANTIK CETAK GIE  ==  [609 frames] -56.8753 [Ac=-34281.4 LM=-355.6] (Act=62973.1)
File: ./Dataset_MFCC/set_3/A006/1_208.mfc
AU BEA MASUK SANGAT TINGGI CERDAS ROY KEPADA KOMPAS ICAL KATA  ==  [692 frames] -58.0152 [Ac=-39657.6 LM=-489.0] (Act=63118.7)
File: ./Dataset_MFCC/set_3/A006/1_209.mfc
AU BEGITU PINTU DIBUKA TERCIUM BAU KHAS YANG MENUSUK INTERN  ==  [707 frames] -57.1411 [Ac=-39954.3 LM=-444.5] (Act=63141.4)
File: ./Dataset_MFCC/set_3/A006/1_211.mfc
AU BELASAN NENEK-NENEK MENYUGUHKAN TARIAN HAWAII GIE KI CATATAN JIP HENGKY  ==  [790 frames] -56.7566 [Ac=-44348.8 LM=-489.0] (Act=63251.2)
File: ./Dataset_MFCC/set_3/A006/1_212.mfc
AU LEMBAGA DAMPAK SIGNIFIKAN DARI KAMPANYE BOIKOT GROUP TRUK AMERIKA TERSEBUT  ==  [801 frames] -58.8079 [Ac=-46616.2 LM=-489.0] (Act=63264.1)
File: ./Dataset_MFCC/set_3/A006/1_214.mfc
AU BENARKAH NAMAMU AMROZI TANYA KAKAK SET SERI CEK GIE TAMBUNAN  ==  [752 frames] -58.0401 [Ac=-43157.2 LM=-489.0] (Act=63203.9)
File: ./Dataset_MFCC/set_3/A006/1_215.mfc
P PENDEK UNGGUL DITANAM TIM BONDOWOSO  ==  [536 frames] -55.4423 [Ac=-29450.4 LM=-266.7] (Act=62807.8)
File: ./Dataset_MFCC/set_3/A006/1_216.mfc
AU TENTU WEWENANG ITU BERANEKA RAGAM UCAPKAN BENJAMIN NETANYAHU OH  ==  [764 frames] -58.5124 [Ac=-44259.0 LM=-444.5] (Act=63219.4)
File: ./Dataset_MFCC/set_3/A006/1_217.mfc
AU BEO NIAS PERAN JADI DAERAH SUBTROPIS  ==  [658 frames] -56.0038 [Ac=-36539.3 LM=-311.2] (Act=63063.5)
File: ./Dataset_MFCC/set_3/A006/1_218.mfc
DE KERANGKA DIBAWA KOMANDO OPERASI KK ODITUR MILITER  ==  [688 frames] -58.2740 [Ac=-39736.9 LM=-355.6] (Act=63112.5)
File: ./Dataset_MFCC/set_3/A006/1_219.mfc
AU BERAPA BIAYA PEMBUATAN AKTE KELAHIRAN  ==  [590 frames] -56.9103 [Ac=-33310.4 LM=-266.7] (Act=62934.0)
File: ./Dataset_MFCC/set_3/A006/1_226.mfc
AU BERTOLAK GADIS SITU ILMUWAN BISA MENCIPTAKAN SUATU METODE UNTUK MENGINTERVENSINYA  ==  [869 frames] -59.3501 [Ac=-51086.3 LM=-489.0] (Act=63336.3)
File: ./Dataset_MFCC/set_3/A006/1_227.mfc
AU BERTULISKAN KURUS CINA YANG ARTINYA SEMBRONO CERDAS GINTINGS  ==  [808 frames] -57.7449 [Ac=-46257.8 LM=-400.1] (Act=63272.1)
File: ./Dataset_MFCC/set_3/A006/1_229.mfc
AU KARATE SYAHRIAL PERUSAHAN MENYOGOK JOSEF KAKI ILA  ==  [637 frames] -58.7496 [Ac=-37067.9 LM=-355.6] (Act=63026.5)
File: ./Dataset_MFCC/set_3/A006/1_230.mfc
AU KI BIAYA LISTRIK IKAN BIAYA PEMAKAIAN AIR PAM MENGHABISKAN TIGA PULUH PERSEN DARI ANGGARAN AH  ==  [816 frames] -59.5749 [Ac=-47901.9 LM=-711.2] (Act=63281.0)
File: ./Dataset_MFCC/set_3/A006/1_232.mfc
AU BIKI JAGUNG MENYEKA SESALKAN MASIF PILAR DILIHAT LETAK GEOGRAFISNYA  ==  [787 frames] -58.5943 [Ac=-45669.2 LM=-444.5] (Act=63247.7)
File: ./Dataset_MFCC/set_3/A006/1_233.mfc
AU PILAR HARGA KAKAO CUKUP TINGGI TERTIB PETANI BISA MEMBELI PUPUK  ==  [808 frames] -57.3279 [Ac=-45832.0 LM=-489.0] (Act=63272.1)
File: ./Dataset_MFCC/set_3/A006/1_234.mfc
AU PILAR SYAIFULLAH TERPILIH BIRO OTDA AKAN DIREFORMASI  ==  [764 frames] -57.2970 [Ac=-43419.3 LM=-355.6] (Act=63219.4)
File: ./Dataset_MFCC/set_3/A006/1_236.mfc
AU ISA DIJELASKAN TENTANG PIN PARTISIPAN  ==  [677 frames] -57.3573 [Ac=-38564.2 LM=-266.7] (Act=63095.0)
File: ./Dataset_MFCC/set_3/A006/1_237.mfc
H BISA KACAU NANTI UJAR DAVID FERDINANDUS  ==  [616 frames] -58.6256 [Ac=-35802.2 LM=-311.2] (Act=62986.9)
File: ./Dataset_MFCC/set_3/A006/1_238.mfc
AU BISAKAH TELECONFERENCE INI DIHUBUNGI DARI TELEPON SELULER  ==  [763 frames] -57.6782 [Ac=-43652.8 LM=-355.6] (Act=63218.1)
File: ./Dataset_MFCC/set_3/A006/1_239.mfc
AU BLOKADE JALAN PUN SEMPAT JIP PUKAT DITUNDA NOVEMBER  ==  [620 frames] -58.6143 [Ac=-35940.8 LM=-400.1] (Act=62994.7)
File: ./Dataset_MFCC/set_3/A006/1_240.mfc
P BOB GRAHAM BERPENDAPAT SAAT INI LIPPO OMAR ATU INDONESIA ADALAH UTANG LUAR ANAK TRI  ==  [842 frames] -59.1953 [Ac=-49175.7 LM=-666.8] (Act=63309.0)
File: ./Dataset_MFCC/set_3/A006/1_241.mfc
AU KOK MINTA TAHANAN KOTA AH  ==  [465 frames] -57.0480 [Ac=-26260.6 LM=-266.7] (Act=62597.2)
File: ./Dataset_MFCC/set_3/A006/1_242.mfc
AU BOCAH ITU MELAMBAI-LAMBAIKAN TANGANNYA YANG KECIL IKA ARAH AYAHNYA  ==  [719 frames] -57.5946 [Ac=-40966.0 LM=-444.5] (Act=63158.8)
File: ./Dataset_MFCC/set_3/A006/1_243.mfc
AU BOIKOT GOLKAR AKAN MENYEBABKAN DESTABILISASI POLITIK  ==  [748 frames] -59.1597 [Ac=-43940.3 LM=-311.2] (Act=63198.7)
File: ./Dataset_MFCC/set_3/A006/1_244.mfc
DE KLATENG SEPERTI H LAUT SLAMET SEHINGGA KEDUDUKAN TETAP ENAM NOL  ==  [848 frames] -58.2928 [Ac=-48943.4 LM=-489.0] (Act=63315.2)
File: ./Dataset_MFCC/set_3/A006/1_247.mfc
PP PULA NOPEMBER NANTI BISA DIWAKILKAN TIKET TANYA IMAM KHAWATIR  ==  [860 frames] -57.6759 [Ac=-49156.8 LM=-444.5] (Act=63327.4)
File: ./Dataset_MFCC/set_3/A006/1_254.mfc
DE CARANYA DENGAN AMAR MAKRUF NAHI MUNGKAR DAN SEBAGAINYA SARAN HAJI YAHYA MANGUN  ==  [961 frames] -58.1399 [Ac=-55294.6 LM=-577.9] (Act=63417.7)
File: ./Dataset_MFCC/set_3/A006/1_264.mfc
H CUMAN KONTEKSNYA TERIKAT KATA KIAI MUDA PENGASUH PONPES ZAINUL HASSAN  ==  [847 frames] -58.4734 [Ac=-49038.0 LM=-489.0] (Act=63314.2)
File: ./Dataset_MFCC/set_3/A006/1_265.mfc
PP AKTE LLOYD MENGAKU TERUS BERKARYA  ==  [512 frames] -56.8920 [Ac=-28862.0 LM=-266.7] (Act=62743.1)
File: ./Dataset_MFCC/set_3/A006/1_273.mfc
DE GADIS SELURUH KANTOR CATATAN GERAI-GERAI HARCO GLODOK LENGANG  ==  [711 frames] -58.4480 [Ac=-41156.5 LM=-400.1] (Act=63147.3)
File: ./Dataset_MFCC/set_3/A006/1_274.mfc
AU DARI SURVEI TERSEBUT AJUN KOMISARIS KHRISNA MUKTI DAN ARIBOWO M H MENJADI PEMENANGNYA  ==  [1010 frames] -59.0296 [Ac=-58997.5 LM=-622.3] (Act=63455.1)
File: ./Dataset_MFCC/set_3/A006/1_275.mfc
AU TARI TARIF RESMI YANG DITETAPKAN BERAPA BIAYA KESELURUHANNYA  ==  [737 frames] -58.0164 [Ac=-42358.0 LM=-400.1] (Act=63183.9)
File: ./Dataset_MFCC/set_3/A006/1_278.mfc
AU DAVID BECKHAM BERMAKSUD BAIK DENGAN MANG KACA DAVID DEDA BERMAIN BERSAMA  ==  [884 frames] -58.2982 [Ac=-51002.2 LM=-533.4] (Act=63350.7)
File: ./Dataset_MFCC/set_3/A006/1_288.mfc
AU TIM RUANG KANTORNYA DITEMUKAN ASET PAILIT FADEL YANG DIALIHKAN TEPI IKAT KETIGA  ==  [967 frames] -59.0526 [Ac=-56526.0 LM=-577.9] (Act=63422.5)
File: ./Dataset_MFCC/set_3/A006/1_292.mfc
AU FIQ TIAP CATUR DUA PULUH EMPAT SYAM SEBELUM PELAKSANAAN CONFERENCE CHI BENTENG TANGERANG  ==  [950 frames] -59.5363 [Ac=-55937.2 LM=-622.3] (Act=63408.8)
File: ./Dataset_MFCC/set_3/A006/2_006.mfc
AU PILAR CORAT-CORET DI SPANDUK DAN TEMBOK P  ==  [583 frames] -56.7623 [Ac=-32736.8 LM=-355.6] (Act=62919.0)
File: ./Dataset_MFCC/set_3/A006/2_010.mfc
P TAK DIPO ALAM MENILAI KONFLIK ELIT MERUPAKAN WUJUD NAFSU BERKUASA  ==  [779 frames] -59.0239 [Ac=-45490.7 LM=-489.0] (Act=63238.0)
File: ./Dataset_MFCC/set_3/A006/2_021.mfc
AU DULU ORANG SKEPTIS PERAGA TYAS SEBAGAI PUTUS FILIPINA  ==  [640 frames] -58.9862 [Ac=-37351.1 LM=-400.1] (Act=63031.9)
File: ./Dataset_MFCC/set_3/A006/2_023.mfc
AU KE EKONOM FAISAL BASRI DAN EKI SYACHRUDIN TERKAPAR GIE ANTV  ==  [815 frames] -57.9122 [Ac=-46709.5 LM=-489.0] (Act=63279.9)
File: ./Dataset_MFCC/set_3/A006/2_024.mfc
H H EKONOM SRI MULYANI INDRAWATI DICURIGAI SERTA RATE EKONOMI KAUM NEO KI MPR IYA KHARISMA  ==  [1048 frames] -57.2874 [Ac=-59326.0 LM=-711.2] (Act=63481.6)
File: ./Dataset_MFCC/set_3/A006/2_026.mfc
AU ELIT TKP KONGKOW-KONGKOW KIKI TENDER SAMBIL MENDENGARKAN KOLEKSI NASYID TERBAIK  ==  [861 frames] -58.8685 [Ac=-50196.9 LM=-489.0] (Act=63328.4)
File: ./Dataset_MFCC/set_3/A006/2_027.mfc
AU ELZA ENGGAN BERKOMENTAR DAN BERUSAHA MENGHINDARI WARTAWAN  ==  [668 frames] -57.2191 [Ac=-37866.7 LM=-355.6] (Act=63080.3)
File: ./Dataset_MFCC/set_3/A006/2_028.mfc
AU ELZA MEMUNGKIRI LITA LA MENYUAP RAHMAT KE  ==  [550 frames] -57.0643 [Ac=-31029.8 LM=-355.6] (Act=62842.9)
File: ./Dataset_MFCC/set_3/A006/2_030.mfc
P ELZA SYARIF MELALUI KUASA HUKUMNYA FERI AMAHORSEYA  ==  [643 frames] -56.4219 [Ac=-35923.7 LM=-355.6] (Act=63037.3)
File: ./Dataset_MFCC/set_3/A006/2_040.mfc
P GELAPKAN SEMUA LAMPU KI GEDUNG M AKTE ENTAH KAYU LUWES  ==  [651 frames] -58.1568 [Ac=-37371.1 LM=-489.0] (Act=63051.4)
File: ./Dataset_MFCC/set_3/A006/2_041.mfc
AU GELOMBANG TSUNAMI BIASANYA ABSEN CIPUTRA PAM MENIT SETELAH TEMPAT UTAMA  ==  [772 frames] -58.0139 [Ac=-44297.8 LM=-489.0] (Act=63229.4)
File: ./Dataset_MFCC/set_3/A006/2_042.mfc
P AKTIF GEMERLAP DENGAN KILAUAN SINAR LAMPUNG  ==  [611 frames] -57.4831 [Ac=-34811.0 LM=-311.2] (Act=62977.1)
File: ./Dataset_MFCC/set_3/A006/2_045.mfc
AU GIMANA KABARNYA MASS  ==  [432 frames] -55.7435 [Ac=-23903.4 LM=-177.8] (Act=62475.8)
File: ./Dataset_MFCC/set_3/A006/2_061.mfc
AU HAL TERSEBUT ISA DITEMUKAN DITUNDA CHRISYE M PEREMPUAN  ==  [602 frames] -58.0139 [Ac=-34524.3 LM=-400.1] (Act=62959.0)
File: ./Dataset_MFCC/set_3/A006/2_065.mfc
NYI HAMID PERCAYA BERBAGAI SPANDUK DAPAT MERUSAK PEMANDANGAN KOTA  ==  [666 frames] -59.1209 [Ac=-38974.5 LM=-400.1] (Act=63077.0)
File: ./Dataset_MFCC/set_3/A006/2_069.mfc
AU HASTO ADMOJO PEKAN SET KITA KIAN EVALUASI PRO GROUP DAN BAGIAN PENGEMBANGAN APLIKASI  ==  [979 frames] -58.7679 [Ac=-56911.5 LM=-622.3] (Act=63431.9)
File: ./Dataset_MFCC/set_3/A006/2_077.mfc
P HUBUNGI KANTOR POLISI PACET SYAM EMPAT KAKI KAKAO SORE HARI  ==  [659 frames] -58.5862 [Ac=-38119.4 LM=-489.0] (Act=63065.2)
File: ./Dataset_MFCC/set_3/A006/2_094.mfc
AU GIE KIAT SANTAI KACA WALAUPUN IHSG HANYA MENGUAT TIPIS  ==  [805 frames] -56.6707 [Ac=-45175.4 LM=-444.5] (Act=63268.7)
File: ./Dataset_MFCC/set_3/A006/2_095.mfc
AU GIE DIARTIKAN MENGGUBRIS SOAL-SOAL KECIL EJAAN  ==  [595 frames] -57.2105 [Ac=-33729.1 LM=-311.2] (Act=62944.6)
File: ./Dataset_MFCC/set_3/A006/2_096.mfc
AU IA TIDAK TERLAMPAU MENGHIRAUKAN APAKAH STAMINA KARET JAKSA CUKUP KUAT KE  ==  [876 frames] -57.0074 [Ac=-49405.0 LM=-533.4] (Act=63343.1)
File: ./Dataset_MFCC/set_3/A006/2_098.mfc
AU ICAL MENGATAKAN APAKAH ARAH DAI YANG BISA DIBANTU UNTUK KASUS FADLI ZON  ==  [857 frames] -57.7549 [Ac=-48918.1 LM=-577.9] (Act=63324.4)
File: ./Dataset_MFCC/set_3/A006/2_101.mfc
AU IDRUS PATUT GITU HIRAU PADA PERTANYAAN KAS TUTUP  ==  [680 frames] -57.4246 [Ac=-38648.7 LM=-400.1] (Act=63099.9)
File: ./Dataset_MFCC/set_3/A006/2_102.mfc
AU IHSG BEJ ANJLOK TURUN MENEMBUS ATAS PSIKOLOGIS  ==  [791 frames] -57.4618 [Ac=-45096.7 LM=-355.6] (Act=63252.4)
File: ./Dataset_MFCC/set_3/A006/2_103.mfc
AU IKHTIAR UNTUK MEMATAHKAN STIGMA ITU TIDAK ISA HANYA WACANA  ==  [788 frames] -57.7706 [Ac=-45078.7 LM=-444.5] (Act=63248.9)
File: ./Dataset_MFCC/set_3/A006/2_116.mfc
H INI NITI JAGA HUBUNGANNYA DENGAN UMAT ISLAM KRISTEN HINDU MAUPUN RUPIAH  ==  [897 frames] -57.6897 [Ac=-51214.3 LM=-533.4] (Act=63362.9)
File: ./Dataset_MFCC/set_3/A006/2_143.mfc
AU TELAN REZEKINYA MEMANG HARUS KINI CERDAS SRI  ==  [663 frames] -56.6478 [Ac=-37201.9 LM=-355.6] (Act=63072.0)
File: ./Dataset_MFCC/set_3/A006/2_144.mfc
AU JAM KACA KANTOR PELAYANAN KAYU AIR JAM BERAPA  ==  [690 frames] -56.8431 [Ac=-38821.7 LM=-400.1] (Act=63115.6)
File: ./Dataset_MFCC/set_3/A006/2_167.mfc
AU JULIA TUMENGKOL MENYIMPAN SEMUA UANGNYA GIE KANG HIMPUNAN SAUDARA  ==  [664 frames] -58.7907 [Ac=-38592.5 LM=-444.5] (Act=63073.7)
File: ./Dataset_MFCC/set_3/A006/2_168.mfc
H KOK JUMLAH WANITA ULAR DITANYA KI LAPANGAN GOLF KETIMBANG GIE KANTOR  ==  [720 frames] -58.0377 [Ac=-41253.7 LM=-533.4] (Act=63160.3)
File: ./Dataset_MFCC/set_3/A006/2_169.mfc
AU KAMI BERHARAP KATANYA KONSOLIDASI LEBIH ERAT LAGI ANTARA PASAR MODAL DENGAN PEMERINTAH  ==  [874 frames] -59.0418 [Ac=-51024.7 LM=-577.9] (Act=63341.2)
File: ./Dataset_MFCC/set_3/A006/2_170.mfc
NYI KEMANA LAGI JAWAR TIDAK MINTA TOLONG KE ULAMA  ==  [595 frames] -57.6233 [Ac=-33885.8 LM=-400.1] (Act=62944.6)
File: ./Dataset_MFCC/set_3/A006/2_171.mfc
AU NIH KE NOMER REKENING RATA SAYED ISA TRANSFER  ==  [555 frames] -57.9272 [Ac=-31749.5 LM=-400.1] (Act=62855.0)
File: ./Dataset_MFCC/set_3/A006/2_172.mfc
AU KONDUITENYA SELAMAT INI BAIK KOMENTAR KRITIKUS FILM LOKAL TAIWAN  ==  [746 frames] -58.1462 [Ac=-42932.6 LM=-444.5] (Act=63196.0)
File: ./Dataset_MFCC/set_3/A006/2_174.mfc
AU KONSEP PEMBANGUNAN YANG DIJALANKAN PALIUDJU TERKESAN ABSURD DAN MENGADA-ADA  ==  [1003 frames] -57.2477 [Ac=-56974.9 LM=-444.5] (Act=63450.0)
File: ./Dataset_MFCC/set_3/A006/2_177.mfc
P KONSUL RI KI TAWAU BICARA TAK KOPRAL DUA SYAFEI  ==  [692 frames] -58.0887 [Ac=-39752.9 LM=-444.5] (Act=63118.7)
File: ./Dataset_MFCC/set_3/A006/2_178.mfc
AU KONVOI INI DINILAI ISA MEMANASKAN SITUASI DAN MERESAHKAN MAKA  ==  [750 frames] -57.6999 [Ac=-42830.4 LM=-444.5] (Act=63201.3)
File: ./Dataset_MFCC/set_3/A006/2_179.mfc
AU KONVOI RATUSAN KENDARAAN BERMOTOR RODA DUA AH DAN EMPAT ITU SANGAT BISING  ==  [848 frames] -57.9621 [Ac=-48574.0 LM=-577.9] (Act=63315.2)
File: ./Dataset_MFCC/set_3/A006/2_180.mfc
P KONVOI RESMI HANYA DIPERUNTUKKAN EKI ROMBONGAN PRESIDEN MEGAWATI  ==  [732 frames] -58.0255 [Ac=-42074.6 LM=-400.1] (Act=63177.1)
File: ./Dataset_MFCC/set_3/A006/2_181.mfc
AU KOORDINATOR INSTANSI KEHUTANAN PUSAT TIM PROVINSI JAMBI DIPEGANG SYAMSUL HUDA  ==  [1001 frames] -57.4729 [Ac=-57041.4 LM=-489.0] (Act=63448.5)
File: ./Dataset_MFCC/set_3/A006/2_182.mfc
KE GIE GIE KREATIVITAS TERAS DALAM MEMENEJ PERSONEL  ==  [544 frames] -58.6645 [Ac=-31557.9 LM=-355.6] (Act=62828.1)
File: ./Dataset_MFCC/set_3/A006/2_183.mfc
P KURANG TEPAT JIKA KUASA HUKUM EURICO DITUNJUK SUTERA FAIR ANGGOTA PANSUS  ==  [719 frames] -59.9960 [Ac=-42603.7 LM=-533.4] (Act=63158.8)
File: ./Dataset_MFCC/set_3/A006/2_184.mfc
KHAS KE SIH KUSBINI MEMBANTAH DAN MENGATAKAN ZULKIFLI RATUS ZULFIKAR PEKERJA SEPERTI WIRASWASTA  ==  [920 frames] -59.7542 [Ac=-54396.0 LM=-577.9] (Act=63383.5)
File: ./Dataset_MFCC/set_3/A006/2_185.mfc
AU KWIK MENILAI IMF MENCLA-MENCLE  ==  [652 frames] -55.7713 [Ac=-36140.7 LM=-222.2] (Act=63053.2)
File: ./Dataset_MFCC/set_3/A006/2_186.mfc
AU KWIK SIAP CEK ISA AKSI GUGATAN FERI IMF JELAS REZA  ==  [720 frames] -57.4715 [Ac=-40890.6 LM=-489.0] (Act=63160.3)
File: ./Dataset_MFCC/set_3/A006/2_187.mfc
AU MARI GITAR HIDUP KOMITMEN SEPANG UNTUNG MENJAGA KONDISI PULAUNYA YANG SANGAT ASRI  ==  [826 frames] -59.1721 [Ac=-48298.3 LM=-577.9] (Act=63292.0)
File: ./Dataset_MFCC/set_3/A006/2_189.mfc
AU KRITIKAN UWE KINI PERANG SEMUA UPAYA DIALOG  ==  [619 frames] -57.4579 [Ac=-35210.8 LM=-355.6] (Act=62992.7)
File: ./Dataset_MFCC/set_3/A006/2_190.mfc
AU PENDEKATAN YANG DIAMBIL HASSAN ABDEL RAHMAN UNTUK MENANGANI KEBAKARAN HUTAN CUKUP PRAGMATIS  ==  [965 frames] -58.8148 [Ac=-56178.4 LM=-577.9] (Act=63420.9)
File: ./Dataset_MFCC/set_3/A006/2_191.mfc
AU PENUMPANGNYA ANTARA LAIN ROY MARTEN DAN HARCO BROMO  ==  [699 frames] -57.1086 [Ac=-39518.8 LM=-400.1] (Act=63129.4)
File: ./Dataset_MFCC/set_3/A006/2_192.mfc
P AH PERUT DIKONFIRMASIKAN APAKAH ALIRAN MODAL SWASTA AYAM KELUAR NETO ATU BRUTO  ==  [784 frames] -59.8308 [Ac=-46329.5 LM=-577.9] (Act=63244.1)
File: ./Dataset_MFCC/set_3/A006/2_193.mfc
DE KI PERTANDINGAN CUMA SIANG AKAN DIMENANGI OLEH BRASIL  ==  [764 frames] -56.5690 [Ac=-42818.7 LM=-400.1] (Act=63219.4)
File: ./Dataset_MFCC/set_3/A006/2_194.mfc
A PRIA ITU BERNAMA ABERSON MARLEY SIHALOHO  ==  [667 frames] -56.8233 [Ac=-37590.0 LM=-311.2] (Act=63078.7)
File: ./Dataset_MFCC/set_3/A006/2_196.mfc
P RUMAH RATUS MIFTACH DIRAMPOK ORANG BERGOLOK KE  ==  [632 frames] -57.8152 [Ac=-36183.6 LM=-355.6] (Act=63017.3)
File: ./Dataset_MFCC/set_3/A006/2_197.mfc
AU KI KE SECARA SEMALAM NGATIYEM TERUS MENGERANG KESAKITAN AH  ==  [721 frames] -57.1208 [Ac=-40739.6 LM=-444.5] (Act=63161.7)
File: ./Dataset_MFCC/set_3/A006/2_199.mfc
AU TERKAPAR BAGAI UCAPAN PRESIDEN YANG DIANGGAP PELANGGARAN HALUAN ACARA ATAU BERNUANSA NEGATIF  ==  [1044 frames] -58.5871 [Ac=-60587.1 LM=-577.9] (Act=63478.9)
File: ./Dataset_MFCC/set_3/A006/2_200.mfc
AU H YOICHI BEBERAPA KALI MENJUARAI JAPAN KOK PAN ROH  ==  [655 frames] -57.4630 [Ac=-37193.7 LM=-444.5] (Act=63058.4)
File: ./Dataset_MFCC/set_3/A023/4_018.mfc
AU NKRI SEBAGAI BENTUK NEGARA  ==  [498 frames] -58.1179 [Ac=-28720.5 LM=-222.2] (Act=62702.5)
File: ./Dataset_MFCC/set_3/A023/4_055.mfc
H AH KITA OBJEKTIF KOK KIRA ZEIN  ==  [457 frames] -56.9441 [Ac=-25712.3 LM=-311.2] (Act=62569.4)
File: ./Dataset_MFCC/set_3/A023/4_065.mfc
P AH GIE KOIZUMI AKAN KERJASAMA SECARA ERAT  ==  [485 frames] -57.8904 [Ac=-27721.3 LM=-355.6] (Act=62662.8)
File: ./Dataset_MFCC/set_3/A023/4_093.mfc
FENG AH SEMUA AGAMA DI NUSANTARA BERADA DIBAWAH DEPAG KECUALI AGAMA BUDHA  ==  [696 frames] -58.1562 [Ac=-39943.3 LM=-533.4] (Act=63124.9)
File: ./Dataset_MFCC/set_3/A023/4_098.mfc
P UJAR DINAS KALAU LINTAS KEPOLISIAN DI UNGARAN JAM DUA PULUH TIGA TERIMA ALAM  ==  [636 frames] -58.7435 [Ac=-36738.6 LM=-622.3] (Act=63024.6)
File: ./Dataset_MFCC/set_3/A023/4_117.mfc
FED KI LAWAN DR NUFAIL LAGI BANDEL-BANDELNYA  ==  [467 frames] -57.5343 [Ac=-26557.4 LM=-311.2] (Act=62604.0)
File: ./Dataset_MFCC/set_3/A023/4_132.mfc
AU NICK LANDAI-LANDAI SAJA LANJUT IKHSAN  ==  [358 frames] -57.0603 [Ac=-20160.9 LM=-266.7] (Act=62122.0)
File: ./Dataset_MFCC/set_3/A023/4_134.mfc
DE GIE H LAPTOP DANA AMIN TAK TERPISAHKAN  ==  [497 frames] -56.7785 [Ac=-27863.3 LM=-355.6] (Act=62699.6)
File: ./Dataset_MFCC/set_3/A023/4_145.mfc
AU LEMBAGA ADAT MINANGKABAU PROTES ACARA TVRI  ==  [523 frames] -57.3309 [Ac=-29672.9 LM=-311.2] (Act=62773.5)
File: ./Dataset_MFCC/set_3/A023/4_162.mfc
H HITS HAK LUSA MALAM USAI DITERIMA KETUA DPRD EDY WALUYO  ==  [614 frames] -57.8564 [Ac=-35034.9 LM=-489.0] (Act=62983.0)
File: ./Dataset_MFCC/set_3/A023/4_163.mfc
NYA KI LUSA SIANG USAI UNJUK RASA MENENTANG RUU PKB  ==  [608 frames] -58.0457 [Ac=-34847.3 LM=-444.5] (Act=62971.1)
File: ./Dataset_MFCC/set_3/A023/4_173.mfc
FENG H MAKHLUK MANUSIA MAKIN RAMAI YANG BERDOA  ==  [501 frames] -58.7404 [Ac=-29073.3 LM=-355.6] (Act=62711.4)
File: ./Dataset_MFCC/set_3/A023/4_181.mfc
NYA GIE MAMA APAKAH KOK MENYESAL  ==  [366 frames] -57.0755 [Ac=-20622.9 LM=-266.7] (Act=62167.2)
File: ./Dataset_MFCC/set_3/A023/4_189.mfc
FED H MARWAH MENGAKU KURANG SREG  ==  [399 frames] -56.4847 [Ac=-22270.7 LM=-266.7] (Act=62334.2)
File: ./Dataset_MFCC/set_3/A023/4_191.mfc
HAK H MARZUKI IMBAU SYAHRIL SABIRIN UNTUK NON-AKTIF  ==  [498 frames] -57.2349 [Ac=-28147.4 LM=-355.6] (Act=62702.5)
File: ./Dataset_MFCC/set_3/A023/4_195.mfc
H MASALAH FISIK GLOBALISASI ATAU PSIKOLOGIS  ==  [470 frames] -59.5341 [Ac=-27714.3 LM=-266.7] (Act=62614.1)
File: ./Dataset_MFCC/set_3/A023/4_200.mfc
AU MASIH ADAKAH BIAYA IYA LAIN-LAIN  ==  [376 frames] -58.8727 [Ac=-21869.4 LM=-266.7] (Act=62220.9)
File: ./Dataset_MFCC/set_3/A023/4_203.mfc
NICK LOE MASIH SYUKUR PARA PENUMPANG TIDAK TERKENA PELURU  ==  [504 frames] -57.8723 [Ac=-28767.6 LM=-400.1] (Act=62720.2)
File: ./Dataset_MFCC/set_3/A023/4_205.mfc
AU KHAS MASSAL PDIP DAN PRD NYARIS BENTROK GEJALA DIPONEGORO  ==  [622 frames] -58.5646 [Ac=-35982.7 LM=-444.5] (Act=62998.5)
File: ./Dataset_MFCC/set_3/A023/4_210.mfc
AU MATERAI DAYA TIGA RIBU PAK PENYERANGAN RIBU  ==  [486 frames] -56.4877 [Ac=-27097.4 LM=-355.6] (Act=62665.9)
File: ./Dataset_MFCC/set_3/A023/4_216.mfc
P MEMACETKAN YANG TELKOM UNTUK APRIL BERAPA  ==  [508 frames] -57.7452 [Ac=-29023.4 LM=-311.2] (Act=62731.8)
File: ./Dataset_MFCC/set_3/A023/4_225.mfc
ROK MEINE RELATIF PENDEK  ==  [388 frames] -57.8533 [Ac=-22269.3 LM=-177.8] (Act=62281.7)
File: ./Dataset_MFCC/set_3/A023/4_227.mfc
AU KI AH MELALUI EMPAT NOMOR REKENINGNYA SUDAH HITS TUKANG PEMERINTAH  ==  [614 frames] -57.1250 [Ac=-34585.8 LM=-489.0] (Act=62983.0)
File: ./Dataset_MFCC/set_3/A023/4_235.mfc
P MEMANG ANEH KALAU BULOG NGOTOT IMPOR BERAS KATA HARUNANTYO  ==  [564 frames] -58.8711 [Ac=-32758.8 LM=-444.5] (Act=62876.3)
File: ./Dataset_MFCC/set_3/A023/4_263.mfc
H HERU AKHMADI MENGELUARKAN SURAT IZIN KHUSUS PENEBANGAN KAYU ULIN  ==  [683 frames] -58.6667 [Ac=-39624.8 LM=-444.5] (Act=63104.6)
File: ./Dataset_MFCC/set_3/A023/4_266.mfc
OF DIA TIDAK MENYEWA ENAM MENGENAI PENGUSUTAN KASUS BULOG-GEIT-BRUNEI-GEIT INI SENDIRI  ==  [774 frames] -58.3611 [Ac=-44682.5 LM=-489.0] (Act=63231.9)
File: ./Dataset_MFCC/set_3/A023/4_275.mfc
AU KE MENKEU LANTIK AGUS HARIANTO SEBAGAI SEKJEN DEPKEU  ==  [567 frames] -58.3815 [Ac=-32702.3 LM=-400.1] (Act=62883.2)
File: ./Dataset_MFCC/set_3/A023/4_276.mfc
HAK KE MENKEU OPTIMIS PENERIMAAN DALAM NEGERI BISA TERPENUHI  ==  [570 frames] -58.4079 [Ac=-32892.5 LM=-400.1] (Act=62890.1)
File: ./Dataset_MFCC/set_3/A023/4_281.mfc
AU MENSESNEG A DWIYANTO BILANG BEGITU  ==  [533 frames] -57.1920 [Ac=-30216.6 LM=-266.7] (Act=62800.0)
File: ./Dataset_MFCC/set_3/A023/4_284.mfc
AU GIE MENTERI KOPRAL SIM YANUSA KECIL ZARKASIH NON  ==  [543 frames] -56.6504 [Ac=-30361.1 LM=-400.1] (Act=62825.6)
File: ./Dataset_MFCC/set_3/A023/4_285.mfc
H OF MENUNJUK NOVAL HADAD SEBAGAI EKSEKUTOR SYAFIUDDIN  ==  [618 frames] -57.3619 [Ac=-35094.0 LM=-355.6] (Act=62990.8)
File: ./Dataset_MFCC/set_3/A054/5_001.mfc
P DE GIE KEKUASAAN ITULAH ABSURD KLAIM IRHAM KEMARIN SIANG  ==  [561 frames] -58.8794 [Ac=-32586.8 LM=-444.5] (Act=62869.2)
File: ./Dataset_MFCC/set_3/A054/5_002.mfc
P DE GIE KEKUATAN REFORMASI DAN STATUS QUO ITU IBARAT MINYAK DANA AIR  ==  [624 frames] -58.7789 [Ac=-36100.2 LM=-577.9] (Act=63002.3)
File: ./Dataset_MFCC/set_3/A054/5_003.mfc
NYA DE GIE KELELAWAR DAN TUPAI MENGGANGGU TANAMANNYA KELUH NOVI  ==  [549 frames] -58.4850 [Ac=-31663.7 LM=-444.5] (Act=62840.5)
File: ./Dataset_MFCC/set_3/A054/5_004.mfc
H DE KELOMPOK FRONT PEMBELA PROKLAMASI BERDOMISILI DI KELURAHAN DAWUHAN  ==  [580 frames] -59.6150 [Ac=-34132.2 LM=-444.5] (Act=62912.4)
File: ./Dataset_MFCC/set_3/A054/5_005.mfc
P DE KEMBALI JUNG-HWAN MENGANCAM DENGAN TENDANGAN KERAS  ==  [467 frames] -58.4472 [Ac=-26939.2 LM=-355.6] (Act=62604.0)
File: ./Dataset_MFCC/set_3/A054/5_006.mfc
H H KEMBALI KE INGGRIS TANPA KEMENANGAN KELUH SRI  ==  [450 frames] -59.9229 [Ac=-26565.2 LM=-400.1] (Act=62544.2)
File: ./Dataset_MFCC/set_3/A054/5_007.mfc
DE DE GIE KEMBALI KE OBROLAN WARUNG KOPI TADI  ==  [395 frames] -59.6850 [Ac=-23175.5 LM=-400.1] (Act=62315.5)
File: ./Dataset_MFCC/set_3/A054/5_008.mfc
FENG AH HAK KEMERDEKAAN TIMOR LOROSAE JUGA DIUMUMKAN KEMARIN PAGI  ==  [579 frames] -59.8687 [Ac=-34219.5 LM=-444.5] (Act=62910.2)
File: ./Dataset_MFCC/set_3/A054/5_009.mfc
AU GIE KEMUDIAN KEMARIN LUSA MEREKA DIBAWA KE UNHCR  ==  [620 frames] -58.9293 [Ac=-36136.1 LM=-400.1] (Act=62994.7)
File: ./Dataset_MFCC/set_3/A054/5_010.mfc
H KEMUDIAN MUNCUL RIZAL LAGU CENGENG KELUH SOFYAN  ==  [559 frames] -59.6322 [Ac=-32978.8 LM=-355.6] (Act=62864.5)
File: ./Dataset_MFCC/set_3/A054/5_011.mfc
DE DE KE KENAIKAN PBB AKAN MENGAKIBATKAN MELONJAKNYA NJOP  ==  [709 frames] -58.4545 [Ac=-41044.2 LM=-400.1] (Act=63144.3)
File: ./Dataset_MFCC/set_3/A054/5_012.mfc
NYA DE KENAIKAN TARIF FERRY KETAPANG-GILIMANUK DIMULAI KEMARIN SORE  ==  [630 frames] -58.6248 [Ac=-36533.6 LM=-400.1] (Act=63013.6)
File: ./Dataset_MFCC/set_3/A054/5_013.mfc
DE DE GIE KENAPA SAUDARA DIDAPAT EL OTAK KATANYA DISAMBUT RIUH WARTAWAN  ==  [647 frames] -59.2281 [Ac=-37787.2 LM=-533.4] (Act=63044.4)
File: ./Dataset_MFCC/set_3/A054/5_014.mfc
NYA DE KENDARAAN BESAR DIHARAPKAN MELALUI JALAN ALTERNATIF JIKA MENUJU BANYUWANGI ITU  ==  [707 frames] -59.6837 [Ac=-41663.0 LM=-533.4] (Act=63141.4)
File: ./Dataset_MFCC/set_3/A054/5_015.mfc
FENG NYA KENDATI BEGITU PUJI ENGGAN MENYEBUT SIAPA KESAL SAYANG DIMAKSUDNYA ITU  ==  [752 frames] -58.6969 [Ac=-43606.7 LM=-533.4] (Act=63203.9)
File: ./Dataset_MFCC/set_3/A054/5_016.mfc
H GIE KENDATI DEMIKIAN SULISTIO ENGGAN MENJELASKAN MENGENAI ALASAN YANG DIMAKSUDKAN  ==  [756 frames] -58.8973 [Ac=-44037.4 LM=-489.0] (Act=63209.1)
File: ./Dataset_MFCC/set_3/A054/5_017.mfc
GIE RIZA GIE KEPADA KORAN TEMPO FAKHRUDDIN MENGATAKAN BAHWA PELAKUNYA MAHASISWA  ==  [672 frames] -59.9076 [Ac=-39769.0 LM=-489.0] (Act=63086.9)
File: ./Dataset_MFCC/set_3/A054/5_018.mfc
AU DE KEPENTINGAN MEREKA YANI UKHUWAH ISLAMIYAH DAN PENEGAKAN SYARIAH  ==  [725 frames] -57.8151 [Ac=-41471.5 LM=-444.5] (Act=63167.3)
File: ./Dataset_MFCC/set_3/A054/5_019.mfc
H KEPOLISIAN DAERAH DIBOM PADAT KAMIS SORE  ==  [580 frames] -56.6197 [Ac=-32528.3 LM=-311.2] (Act=62912.4)
File: ./Dataset_MFCC/set_3/A054/5_020.mfc
AU KEPOLISIAN SEKTOR NANO KEPOLISIAN WILAYAH SALING BEKERJA SAMA  ==  [642 frames] -57.7986 [Ac=-36706.6 LM=-400.1] (Act=63035.5)
File: ./Dataset_MFCC/set_3/A054/5_021.mfc
DE KERUSAKAN TERJADI KARNA SISTEM WESEL REL YANG TIDAK SEMPURNA  ==  [661 frames] -59.3198 [Ac=-38765.9 LM=-444.5] (Act=63068.6)
File: ./Dataset_MFCC/set_3/A054/5_022.mfc
PP H KESAL DENGAR SIKAP CERIA ATIDAH YANG DIANGGAP MBALELO  ==  [735 frames] -55.5485 [Ac=-40383.6 LM=-444.5] (Act=63181.2)
File: ./Dataset_MFCC/set_3/A054/5_023.mfc
DE KESALAHAN YANG DILAKUKAN BOB KARDING MASSAL LAMPAU HARUS DITEBUS  ==  [610 frames] -57.8506 [Ac=-34844.3 LM=-444.5] (Act=62975.1)
File: ./Dataset_MFCC/set_3/A054/5_024.mfc
AH AH KESIBUKAN DIDAPAT LABA HENTI SEPANJANG HARI SEJAK SELEPAS DZUHUR  ==  [653 frames] -58.3202 [Ac=-37594.2 LM=-489.0] (Act=63054.9)
File: ./Dataset_MFCC/set_3/A054/5_025.mfc
NYA GIE KESOWO TERSENYUM USAI PELANTIKAN KABINET GOTONG ROYONG ISTANA MENDARAT  ==  [665 frames] -58.2815 [Ac=-38268.2 LM=-489.0] (Act=63075.3)
File: ./Dataset_MFCC/set_3/A054/5_026.mfc
SEHAT KETAHUAN BAWA AJINOMOTO DUA PEDAGANG BAKSO NYARIS DIKEROYOK  ==  [665 frames] -58.6308 [Ac=-38589.4 LM=-400.1] (Act=63075.3)
File: ./Dataset_MFCC/set_3/A054/5_027.mfc
AU KETERANGAN GLODOK FARIZ DAN POLDA BERBEDA AH  ==  [511 frames] -57.7172 [Ac=-29137.9 LM=-355.6] (Act=62740.3)
File: ./Dataset_MFCC/set_3/A054/5_028.mfc
FENG GIE KETIGA PEKERJA ITU BUKAN PEGAWAI MAU CIPUTRA H  ==  [554 frames] -57.1368 [Ac=-31209.3 LM=-444.5] (Act=62852.6)
File: ./Dataset_MFCC/set_3/A054/5_029.mfc
H KETIGANYA AWAL BERJALAN TIRAI CIPETE UTARA  ==  [593 frames] -56.7213 [Ac=-33324.6 LM=-311.2] (Act=62940.4)
File: ./Dataset_MFCC/set_3/A054/5_030.mfc
NYA GIE KETIKA AKAN DIBAIAT KHOTIB SYURIAH PBNU NUH  ==  [773 frames] -56.3802 [Ac=-43181.9 LM=-400.1] (Act=63230.7)
File: ./Dataset_MFCC/set_3/A054/5_032.mfc
H KETIKA DITANYA TENTANG KEBERADAAN FARIZ SAAT ITU  ==  [543 frames] -58.9570 [Ac=-31658.0 LM=-355.6] (Act=62825.6)
File: ./Dataset_MFCC/set_3/A054/5_033.mfc
H KETIKA KONVOI MEMASUKI KABUL  ==  [452 frames] -58.1370 [Ac=-26055.7 LM=-222.2] (Act=62551.5)
File: ./Dataset_MFCC/set_3/A054/5_034.mfc
DE GIE KETIKA MENERIMA SURAT ITU DUBES QATAR SEMPAT BERTANYA  ==  [581 frames] -59.0404 [Ac=-33858.0 LM=-444.5] (Act=62914.6)
File: ./Dataset_MFCC/set_3/A054/5_035.mfc
P KETIKA MEREKA MENGKLAIM TELAH MELAKUKAN UJI SOHIH  ==  [545 frames] -57.9683 [Ac=-31237.1 LM=-355.6] (Act=62830.6)
File: ./Dataset_MFCC/set_3/A054/5_036.mfc
P GIE KETIKA ORANG GAM NGGAK MEREKA TEMUKAN  ==  [512 frames] -57.8479 [Ac=-29262.5 LM=-355.6] (Act=62743.1)
File: ./Dataset_MFCC/set_3/A054/5_037.mfc
H DE GIE KETIKA PARA MALAIKAT MENENGOK KITAB CATATAN AMAL MANUSIA  ==  [670 frames] -57.2805 [Ac=-37889.0 LM=-489.0] (Act=63083.6)
File: ./Dataset_MFCC/set_3/A054/5_038.mfc
A KETIKA PRESIDEN NGOMONG DEKRIT AH  ==  [502 frames] -56.0648 [Ac=-27877.8 LM=-266.7] (Act=62714.4)
File: ./Dataset_MFCC/set_3/A054/5_040.mfc
HEI GIE FENG KETIKA TENGAH MENGUCEK-UCEK MATA  ==  [451 frames] -57.9799 [Ac=-25837.8 LM=-311.2] (Act=62547.8)
File: ./Dataset_MFCC/set_3/A054/5_041.mfc
P AH KETIKA TIBA DIKAWAL SANUR KEDAI RUNDING  ==  [408 frames] -58.0613 [Ac=-23333.4 LM=-355.6] (Act=62375.1)
File: ./Dataset_MFCC/set_3/A054/5_042.mfc
DE KETUA UMUM PARTAI MASYUMI ABDULLAH HEHAMAHUA  ==  [660 frames] -57.6547 [Ac=-37741.0 LM=-311.2] (Act=63066.9)
File: ./Dataset_MFCC/set_3/A054/5_043.mfc
NYA NYA GIE KETUA UMUM YLBHI IRIANTO MENYATAKAN KEKALAHAN ITU  ==  [708 frames] -57.8978 [Ac=-40547.1 LM=-444.5] (Act=63142.9)
File: ./Dataset_MFCC/set_3/A054/5_044.mfc
NYA KHUSUS BAGI GOA NYAI DUA RINING SANGAT TABU  ==  [547 frames] -58.7839 [Ac=-31754.7 LM=-400.1] (Act=62835.5)
File: ./Dataset_MFCC/set_3/A054/5_045.mfc
DE GIE KHUSUS KHITANAN MASSAL DIPUSATKAN DIN MEDAN  ==  [499 frames] -57.8221 [Ac=-28497.6 LM=-355.6] (Act=62705.5)
File: ./Dataset_MFCC/set_3/A054/5_046.mfc
HAK NYA KICAU BURUNG KARYA KHRISNA MURTI  ==  [552 frames] -57.6159 [Ac=-31492.8 LM=-311.2] (Act=62847.8)
File: ./Dataset_MFCC/set_3/A054/5_047.mfc
H KINI DIGELARI SEBAGAI GROUP POP PROGRESIF TERBAIK  ==  [600 frames] -58.2732 [Ac=-34608.3 LM=-355.6] (Act=62954.9)
File: ./Dataset_MFCC/set_3/A054/5_048.mfc
H KINI PUN TERNYATA TELAH MELAMPAUI INDONESIA  ==  [559 frames] -57.1685 [Ac=-31646.0 LM=-311.2] (Act=62864.5)
File: ./Dataset_MFCC/set_3/A054/5_049.mfc
H H KINI TERHENYAK LUNGLAI DIHADAPAN PUING-PUING BANGUNAN IMAJINASINYA SENDIRI  ==  [659 frames] -58.6190 [Ac=-38185.4 LM=-444.5] (Act=63065.2)
File: ./Dataset_MFCC/set_3/A054/5_050.mfc
H H H KINI KALEB MASIH KRITIS DIRI RS HERNA MEDAN  ==  [622 frames] -58.6448 [Ac=-35988.1 LM=-489.0] (Act=62998.5)
File: ./Dataset_MFCC/set_3/A054/5_051.mfc
H DE GIE MENURUT PUJOBROTO PEMILIHAN TIPE RINING BERDASARKAN DUA ALASAN UTAMA AH  ==  [683 frames] -59.3837 [Ac=-39981.2 LM=-577.9] (Act=63104.6)
File: ./Dataset_MFCC/set_3/A054/5_052.mfc
H NYA GIE MENURUT SMITH INI SKENARIO AWAL PILOT HELIKOPTER ITU  ==  [600 frames] -58.7841 [Ac=-34781.5 LM=-489.0] (Act=62954.9)
File: ./Dataset_MFCC/set_3/A054/5_053.mfc
NYA NYA GIE MENURUT STAF KANTOR PENGHUBUNG KONSUL JENDRAL RI DI TAWAU  ==  [712 frames] -58.1476 [Ac=-40867.7 LM=-533.4] (Act=63148.7)
File: ./Dataset_MFCC/set_3/A054/5_054.mfc
H MENURUT SUROYO BIMANTORO NANO WAKAPOLRI KOMJEN ISMAIL TERSANGKANYA MENJURUS KE OKNUM POLISI  ==  [934 frames] -58.8166 [Ac=-54356.9 LM=-577.9] (Act=63395.5)
File: ./Dataset_MFCC/set_3/A054/5_055.mfc
P DE LOE MENURUT TAJ HAMAD NATZIR ADALAH PEMILIK SAHID GROUP INI  ==  [735 frames] -57.2402 [Ac=-41538.1 LM=-533.4] (Act=63181.2)
File: ./Dataset_MFCC/set_3/A054/5_056.mfc
FENG MENURUT LEO CHALID TINDAKAN MENJADI MASALAH SELAMA MENYUKAI HIDUP  ==  [621 frames] -59.1542 [Ac=-36290.3 LM=-444.5] (Act=62996.6)
File: ./Dataset_MFCC/set_3/A054/5_057.mfc
P NUH MENURUT TYASNO ZEN DAN YUEN HASIL SURVEI DILAKUKAN PT BAIK  ==  [818 frames] -57.9792 [Ac=-46893.6 LM=-533.4] (Act=63283.3)
File: ./Dataset_MFCC/set_3/A054/5_059.mfc
FED MENURUT WHO INI MENYANGKUT KUNJUNGAN HOWARD KE UGM  ==  [635 frames] -58.0302 [Ac=-36449.1 LM=-400.1] (Act=63022.8)
File: ./Dataset_MFCC/set_3/A054/5_060.mfc
SI FIQ MENURUT ZOHRA SOEBOWO MUSA MENYEWA MOBIL SLAMET PRAWIRO  ==  [682 frames] -57.9839 [Ac=-39100.5 LM=-444.5] (Act=63103.0)
File: ./Dataset_MFCC/set_3/A054/5_061.mfc
P NYA GIE MENURUT ZUHEIR MEREKA GOL LAIN PERCAYA  ==  [617 frames] -56.8173 [Ac=-34656.2 LM=-400.1] (Act=62988.8)
File: ./Dataset_MFCC/set_3/A054/5_062.mfc
NYA NYA GIE MENURUT ZUMROTIN MEREKA MULAI KHAWATIR  ==  [503 frames] -58.6996 [Ac=-29170.3 LM=-355.6] (Act=62717.3)
File: ./Dataset_MFCC/set_3/A054/5_063.mfc
DE NYA GIE MENUTUP PIDATONYA SOAL HARGA KIOS SIANG MENCAPAI RATUSAN KITA RUPIAH  ==  [666 frames] -59.3775 [Ac=-38967.6 LM=-577.9] (Act=63077.0)
File: ./Dataset_MFCC/set_3/A054/5_064.mfc
DE FENG MENYADARI MEWABAH LAWAN DALANG KORBAN KECELAKAAN YANG SUDAH DIMAKAMKAN  ==  [670 frames] -58.9964 [Ac=-39038.6 LM=-489.0] (Act=63083.6)
File: ./Dataset_MFCC/set_3/A054/5_065.mfc
H NYA MENYESALKAN PENAHANAN SUAMINYA YANG DINILAI TIDAK MEMENANGI MEKANISME YURIDIS  ==  [702 frames] -59.0162 [Ac=-40940.4 LM=-489.0] (Act=63133.9)
File: ./Dataset_MFCC/set_3/A054/5_066.mfc
FIT MENYIAPKAN KUE ATAU GOL PASAR MEMBELI PAKAIAN GARUT  ==  [552 frames] -58.5365 [Ac=-31912.1 LM=-400.1] (Act=62847.8)
File: ./Dataset_MFCC/set_3/A054/5_067.mfc
NYA DE GIE MERAYAKAN SEABAD GEREJA KATEDRAL ADALAH MERAYAKAN PUNCAK KEAGUNGAN SEBAGAI BANGUNAN  ==  [819 frames] -59.2963 [Ac=-47985.9 LM=-577.9] (Act=63284.4)
File: ./Dataset_MFCC/set_3/A054/5_068.mfc
H NYA GIE MERAH DAN HAK CIPTA BIMOLI MERUPAKAN TANGGUNG JAWAB BEA DAN CUKAI  ==  [653 frames] -59.6176 [Ac=-38308.0 LM=-622.3] (Act=63054.9)
File: ./Dataset_MFCC/set_3/A054/5_069.mfc
NYA MEREKA ADALAH KHALIL FUAD DAN MUKHTAR  ==  [424 frames] -59.1988 [Ac=-24789.1 LM=-311.2] (Act=62443.5)
File: ./Dataset_MFCC/set_3/A054/5_070.mfc
H MEREKA JUGA TELAH MENGENAL KONSEP GLOBALISASI DENGAN BAIK  ==  [572 frames] -58.4274 [Ac=-33020.4 LM=-400.1] (Act=62894.6)
File: ./Dataset_MFCC/set_3/A054/5_071.mfc
FENG MEREKA KOMPLAIN KALAU ARANSEMENNYA DIUBAH  ==  [460 frames] -59.3643 [Ac=-27040.9 LM=-266.7] (Act=62579.9)
File: ./Dataset_MFCC/set_3/A054/5_072.mfc
NYA NYA GIE PERTAMA ASING BERTELE-TELE NYINYIR TAK TENTU ARAH  ==  [571 frames] -59.7921 [Ac=-33696.8 LM=-444.5] (Act=62892.3)
File: ./Dataset_MFCC/set_3/A054/5_073.mfc
FENG GIE TERENDAM MELANJUTKAN PERJALANAN UTARA BLOK-M  ==  [522 frames] -59.4641 [Ac=-30729.1 LM=-311.2] (Act=62770.8)
File: ./Dataset_MFCC/set_3/A054/5_074.mfc
DE MEREKA MEMFOKUSKAN PERHATIAN HINGGA LANTAI DELAPAN GEDUNG WTC YANG TERSISA  ==  [745 frames] -58.9492 [Ac=-43428.2 LM=-489.0] (Act=63194.7)
File: ./Dataset_MFCC/set_3/A054/5_075.mfc
SIH DE GIE MEREKA MEMUNCULKANNYA LEWAT PETIKAN DAWAI GITAR ATAU UKULELE  ==  [747 frames] -58.1331 [Ac=-42936.5 LM=-489.0] (Act=63197.4)
File: ./Dataset_MFCC/set_3/A054/5_076.mfc
ZIA HENGKANG MENGACUNGKAN SEJUMLAH POSTER YANG MENCERCA FADHILLAH  ==  [626 frames] -59.7158 [Ac=-37026.5 LM=-355.6] (Act=63006.1)
File: ./Dataset_MFCC/set_3/A054/5_077.mfc
FENG HESTI MEREKA MENGENANG BENDOT SEBAGAI AYAH YANG MEMPERHATIKAN KELUARGA  ==  [643 frames] -59.4683 [Ac=-37793.6 LM=-444.5] (Act=63037.3)
File: ./Dataset_MFCC/set_3/A054/5_078.mfc
H H GIE MEREKA PUN DITANYAI OLEH MAMI FUZI MINGGU SORE  ==  [622 frames] -58.2552 [Ac=-35745.8 LM=-489.0] (Act=62998.5)
File: ./Dataset_MFCC/set_3/A054/5_079.mfc
ZIA GIE BERKAS SENGAJA MEMAKAI MOBIL PREMAN  ==  [474 frames] -58.2443 [Ac=-27296.6 LM=-311.2] (Act=62627.4)
File: ./Dataset_MFCC/set_3/A054/5_080.mfc
H NYA GIE MEREKA SUDAH SANGAT NGAWUR UJAR KEPALA DIVISI KAMPANYE WAHID SULAWESI TENGAH  ==  [701 frames] -59.5972 [Ac=-41155.3 LM=-622.3] (Act=63132.4)
File: ./Dataset_MFCC/set_3/A054/5_081.mfc
ZIA BERKATA MENGIBARKAN ATRIBUT SEPERTI SPANDUK BENDERA ATAU YEL-YEL  ==  [699 frames] -58.4204 [Ac=-40435.8 LM=-400.1] (Act=63129.4)
File: ./Dataset_MFCC/set_3/A054/5_082.mfc
H GIE MEREKA TERLIHAT SALING BERSENDA GURAU SAMBIL MENUNGGU GILIRAN  ==  [558 frames] -58.6489 [Ac=-32281.6 LM=-444.5] (Act=62862.2)
File: ./Dataset_MFCC/set_3/A054/5_084.mfc
H EKS MEREKA TIDAK BERUSAHA MENCABUT SURAT PENGUNDURAN DIRI MEREKA DARI INKAI  ==  [678 frames] -59.6373 [Ac=-39900.7 LM=-533.4] (Act=63096.6)
File: ./Dataset_MFCC/set_3/A054/5_085.mfc
H GIE MEREKA TIDAK DAPAT MASUK KOTA BINJAI KARENA DIBLOKIR  ==  [583 frames] -57.9162 [Ac=-33320.7 LM=-444.5] (Act=62919.0)
File: ./Dataset_MFCC/set_3/A054/5_086.mfc
H KE MESIU LITA B DARI YOS SEMBARANGAN UJARNYA  ==  [572 frames] -59.3266 [Ac=-33534.8 LM=-400.1] (Act=62894.6)
File: ./Dataset_MFCC/set_3/A054/5_087.mfc
DE MESJID BUNTUL MULAI HIDUP  ==  [392 frames] -57.6304 [Ac=-22368.9 LM=-222.2] (Act=62301.1)
File: ./Dataset_MFCC/set_3/A054/5_088.mfc
H GIE MESKI KONDISI SINJAI SUDAH NORMAL MINGGU SIAP  ==  [483 frames] -59.1020 [Ac=-28146.2 LM=-400.1] (Act=62656.4)
File: ./Dataset_MFCC/set_3/A054/5_089.mfc
FENG GIE MESKI NYELONONG LALU HABIB CUKUP DIKENAL SEBAGAI ULAMA  ==  [540 frames] -59.7991 [Ac=-31847.0 LM=-444.5] (Act=62818.0)
File: ./Dataset_MFCC/set_3/A054/5_090.mfc
NYA GIE MESKI SEMPAT DITANDAI ISYARAT DRAMATIS  ==  [501 frames] -58.1343 [Ac=-28814.1 LM=-311.2] (Act=62711.4)
File: ./Dataset_MFCC/set_3/A054/5_091.mfc
AU LOE MESKI TERUS DICECAR BERBAGAI KRITIKAN  ==  [483 frames] -58.3524 [Ac=-27873.0 LM=-311.2] (Act=62656.4)
File: ./Dataset_MFCC/set_3/A054/5_092.mfc
H DE GIE MESKIPUN MEMAKAI SYAIR BAHASA MANDARIN  ==  [470 frames] -58.3921 [Ac=-27088.7 LM=-355.6] (Act=62614.1)
File: ./Dataset_MFCC/set_3/A054/5_093.mfc
DE GIE MESKIPUN PEKERJAANNYA PENJUAL CENDOL MINGGU SORENYA  ==  [616 frames] -57.3301 [Ac=-34959.8 LM=-355.6] (Act=62986.9)
File: ./Dataset_MFCC/set_3/A054/5_095.mfc
HAK HEI GIE MINGGU PAGI MIKE DIMATIKAN DAN SIDANG DITUTUP SEPIHAK  ==  [579 frames] -60.1947 [Ac=-34363.8 LM=-489.0] (Act=62910.2)
File: ./Dataset_MFCC/set_3/A054/5_096.mfc
AU NYA GIE MINGGUAN SURVEI EKONOMI TIMUR TENGAH  ==  [491 frames] -57.7709 [Ac=-28009.9 LM=-355.6] (Act=62681.4)
File: ./Dataset_MFCC/set_3/A054/5_097.mfc
H NYA GIE MIRIP CELANA TNI ITU RUMSFELD JUGA MENGATAKAN DEMIKIAN  ==  [597 frames] -59.0720 [Ac=-34777.0 LM=-489.0] (Act=62948.7)
File: ./Dataset_MFCC/set_3/A054/5_098.mfc
DE DE NICK MISA MINGGU MALAM PASCA KHIDMAT  ==  [501 frames] -57.8129 [Ac=-28608.7 LM=-355.6] (Act=62711.4)
File: ./Dataset_MFCC/set_3/A054/5_099.mfc
FENG NYA MISALNYA ANDREA YANG SUKA MENYEBABKAN RAMBUT  ==  [544 frames] -58.5596 [Ac=-31500.8 LM=-355.6] (Act=62828.1)
File: ./Dataset_MFCC/set_3/A054/5_100.mfc
H MISALNYA PENYAKIT ASMA ATAU EPILEPSI  ==  [451 frames] -59.2496 [Ac=-26454.9 LM=-266.7] (Act=62547.8)
File: ./Dataset_MFCC/set_3/A054/5_101.mfc
FENG KEMAJUAN ILMU PENGETAHUAN UNDANG TEKNOLOGI MEMUNGKINKAN MASYARAKAT MEMPEROLEH INFORMASI SELUAS-LUASNYA  ==  [895 frames] -60.1345 [Ac=-53331.4 LM=-489.0] (Act=63361.0)
File: ./Dataset_MFCC/set_3/A054/5_102.mfc
ZIA PERAN DUNIA PERFILMAN DALAM MENJAGA NORMA SOSIAL SEMAKIN MEROSOT  ==  [581 frames] -60.3145 [Ac=-34598.2 LM=-444.5] (Act=62914.6)
File: ./Dataset_MFCC/set_3/A054/5_103.mfc
NYA NYA FIT SMAN SATU WONOSOBO JAWAB TENGAH BERHASIL MENJADI JUARA SATU LOMBA CERDAS CERMAT EMPAT PILAR MPR  ==  [904 frames] -60.1092 [Ac=-53538.6 LM=-800.1] (Act=63369.2)
File: ./Dataset_MFCC/set_3/A054/5_104.mfc
FENG VIVA YOGA MAULADI BERPENDAPAT BAHWA PIDATO KINERJA PRESIDEN JOKOWI DINILAI BAGUS  ==  [767 frames] -59.1343 [Ac=-44822.6 LM=-533.4] (Act=63223.2)
File: ./Dataset_MFCC/set_3/A054/5_105.mfc
FENG BAKOHUMAS MEMILIKI FUNGSI ORGANIK BADAN HUMAS DALAM STRUKTUR KELEMBAGAAN  ==  [646 frames] -60.0510 [Ac=-38348.5 LM=-444.5] (Act=63042.6)
File: ./Dataset_MFCC/set_3/A054/5_106.mfc
HEI NYA GIE PROF DR JOHN PIERIS MENYATAKAN SEKARANG INGIN TERJADI KEKACAUAN SISTEM KETATANEGARAAN  ==  [1021 frames] -57.7173 [Ac=-58307.1 LM=-622.3] (Act=63463.0)
File: ./Dataset_MFCC/set_3/A054/5_107.mfc
Read 5528 physical / 5528 logical HMMs
Read lattice with 7242 nodes / 14479 arcs
Created network with 64189 nodes / 71426 links
File: ./Dataset_MFCC/set_3/A079/10_168.mfc
H FENG SALAH KITAB MELAKSANAKAN LOBBY DAN KITAB MEMANG TIDAK ADA TITIK TEMU  ==  [659 frames] -60.4965 [Ac=-39289.4 LM=-577.9] (Act=63065.2)
File: ./Dataset_MFCC/set_3/B012/2_038.mfc
H FUAD MUHAMMAD SYAFRUDIN ATAU UDIN MENILAI FUNDAMENTALISME AGAMA JADI ANCAMAN SERIUS TIM MASAK DEPAN  ==  [904 frames] -61.4958 [Ac=-54925.5 LM=-666.8] (Act=63369.2)
File: ./Dataset_MFCC/set_3/A054/5_087.mfc
DE MESJID BUNTUL MULAI HIDUP  ==  [392 frames] -57.6304 [Ac=-22368.9 LM=-222.2] (Act=62301.1)
File: ./Dataset_MFCC/set_3/A081/8_295.mfc
PAK HESTI TERDENGAR NYARING YEL-YEL BERBUNYI USAI ORASI MAHASISWA ADI BUNDARAN HATI  ==  [743 frames] -60.3895 [Ac=-44336.0 LM=-533.4] (Act=63192.0)
File: ./Dataset_MFCC/set_3/B012/2_127.mfc
AU PETER YANG DISEBUT BADAI FRANSISCA AH  ==  [322 frames] -60.7213 [Ac=-19241.1 LM=-311.2] (Act=61891.2)
File: ./Dataset_MFCC/set_3/B126/9_268.mfc
AH PN JAKARTA TOH VONIS MATI GEMBONG NARKOBA WONG CHI PING  ==  [591 frames] -61.8908 [Ac=-36088.5 LM=-489.0] (Act=62936.1)
File: ./Dataset_MFCC/set_3/A054/5_298.mfc
AU APALAGI INI DARATAN SAUDARA UCAP NDOEN  ==  [573 frames] -57.7262 [Ac=-32766.0 LM=-311.2] (Act=62896.9)
File: ./Dataset_MFCC/set_3/A054/5_299.mfc
SI APALAGI KALAU HESTI MPR NGOTOT DIGELAR BISA DIPASTIKAN KONDISI DILARANG LAKAL KACAU  ==  [887 frames] -59.7328 [Ac=-52405.2 LM=-577.9] (Act=63353.6)
File: ./Dataset_MFCC/set_3/B103/7_188.mfc
SI REZLAN TETAP MENOLAK ENGGAK ANGKA RUMAH DRAJAT  ==  [437 frames] -59.9644 [Ac=-25848.8 LM=-355.6] (Act=62495.3)
File: ./Dataset_MFCC/set_3/B126/9_246.mfc
H WAHYU TRENGGONO DIJATUHKAN PDIP MASUK KABINET  ==  [396 frames] -63.6139 [Ac=-24880.0 LM=-311.2] (Act=62320.2)
File: ./Dataset_MFCC/set_3/B103/7_096.mfc
P PETUGAS POLSEK TANJUNGPRIOK MENGGEREBEK GUDANG MINUMAN KERAS TANPA IZIN  ==  [732 frames] -58.8092 [Ac=-42603.9 LM=-444.5] (Act=63177.1)
File: ./Dataset_MFCC/set_3/B012/2_025.mfc
AU EKS KAMA ORANG DIHIMBAU HINDARI TINDAKAN DESTRUKTIF  ==  [464 frames] -60.9068 [Ac=-27905.2 LM=-355.6] (Act=62593.8)
File: ./Dataset_MFCC/set_3/A006/2_042.mfc
P AKTIF GEMERLAP DENGAN KILAUAN SINAR LAMPUNG  ==  [611 frames] -57.4831 [Ac=-34811.0 LM=-311.2] (Act=62977.1)
File: ./Dataset_MFCC/set_3/A081/8_068.mfc
FIQ SAMA MALAM KONTRA HARI INGIN KOPER SEMBILAN NON NOL UNIT  ==  [597 frames] -61.2656 [Ac=-36086.6 LM=-489.0] (Act=62948.7)
File: ./Dataset_MFCC/set_3/A079/10_037.mfc
P DE BAIK BAPAK IBU SEKALIAN YANG SAYA HORMATI  ==  [535 frames] -57.6164 [Ac=-30424.7 LM=-400.1] (Act=62805.2)
File: ./Dataset_MFCC/set_3/B126/9_050.mfc
H TINDAKAN INI DINILAI ZULFIKAR SEBAGAI TINDAKAN SEWENANG-WENANG  ==  [431 frames] -63.3675 [Ac=-26955.8 LM=-355.6] (Act=62471.8)
File: ./Dataset_MFCC/set_3/B126/9_230.mfc
H AKIBAT JUMLAH ENAK SITUS MEMBLUDAK KEMENKUM HAM BANGUN LAPAS-LAPAS BARU  ==  [659 frames] -62.8623 [Ac=-40937.3 LM=-489.0] (Act=63065.2)
File: ./Dataset_MFCC/set_3/B103/7_118.mfc
AU DARI IHWAL ITU POLDA JATIM LACAK PEMALSU ONDERDIL ASTRA  ==  [640 frames] -58.7305 [Ac=-37143.0 LM=-444.5] (Act=63031.9)
File: ./Dataset_MFCC/set_3/A054/5_034.mfc
DE GIE KETIKA MENERIMA SURAT ITU DUBES QATAR SEMPAT BERTANYA  ==  [581 frames] -59.0404 [Ac=-33858.0 LM=-444.5] (Act=62914.6)
File: ./Dataset_MFCC/set_3/A054/5_206.mfc
NYI DE APAKAH SHM SAYANG BISA DIAMBIL JUMAT BESOK  ==  [608 frames] -58.0624 [Ac=-34901.9 LM=-400.1] (Act=62971.1)
File: ./Dataset_MFCC/set_3/B019/3_284.mfc
AU KEADAAN YANG SEBALIKNYA PASTI MENIMBULKAN SYOK SI  ==  [453 frames] -61.7598 [Ac=-27621.6 LM=-355.6] (Act=62555.1)
File: ./Dataset_MFCC/set_3/B012/2_109.mfc
TAK INGGRIS JUGA AKAN MENGIRIMKAN PASUKANNYA KEMUNGKINAN KE UZBEKISTAN SI  ==  [536 frames] -61.9464 [Ac=-32758.8 LM=-444.5] (Act=62807.8)
File: ./Dataset_MFCC/set_3/A079/10_199.mfc
TAK BAIK-BAIK  ==  [352 frames] -55.7224 [Ac=-19525.4 LM=-88.9] (Act=62086.8)
File: ./Dataset_MFCC/set_3/A054/5_062.mfc
NYA NYA GIE MENURUT ZUMROTIN MEREKA MULAI KHAWATIR  ==  [503 frames] -58.6996 [Ac=-29170.3 LM=-355.6] (Act=62717.3)
File: ./Dataset_MFCC/set_3/A081/8_219.mfc
KWIK NYA LOE SYARAT-SYARATNYA APA SAJA TANYA RANSEL  ==  [557 frames] -58.9370 [Ac=-32472.3 LM=-355.6] (Act=62859.8)
File: ./Dataset_MFCC/set_3/B126/9_020.mfc
H THEO TUMION MENGIKUTI REKRUTMEN H CALON HAKIM  ==  [503 frames] -61.5445 [Ac=-30601.3 LM=-355.6] (Act=62717.3)
File: ./Dataset_MFCC/set_3/B103/7_143.mfc
PROGRAM PENGHEMATAN YANG DIHIMBAU OLEH PRESIDEN MEGAWATI  ==  [487 frames] -60.0964 [Ac=-28955.8 LM=-311.2] (Act=62669.0)
File: ./Dataset_MFCC/set_3/B012/2_092.mfc
P IA MENGUNGKAPKAN SEMUA RADIO KHUSUS PEMERINTAH DAERAH TELAH BERSIKAP TIDAK NETRAL  ==  [648 frames] -61.3639 [Ac=-39230.4 LM=-533.4] (Act=63046.2)
File: ./Dataset_MFCC/set_3/A079/10_257.mfc
AU GIE WAFIL AHIROTI HASANAH  ==  [474 frames] -57.5644 [Ac=-27063.3 LM=-222.2] (Act=62627.4)
File: ./Dataset_MFCC/set_3/B103/7_154.mfc
P PULAU NIAS SIANG DITAFSIRKAN MASUK DALAM ZONA KERENTANAN RENDAH  ==  [576 frames] -59.4353 [Ac=-33790.3 LM=-444.5] (Act=62903.6)
File: ./Dataset_MFCC/set_3/B103/7_081.mfc
P SIH PERS JERMAN SEMUANYA DITUDUH TELAH MELANGGAR HUKUM DANA KAMPANYE FEDERAL  ==  [636 frames] -60.2480 [Ac=-37784.4 LM=-533.4] (Act=63024.6)
File: ./Dataset_MFCC/set_3/A079/10_300.mfc
KH KE MAGELANG TETAPKAN KLB DBD DIN DESA BANYUWANGI  ==  [700 frames] -58.2984 [Ac=-40408.8 LM=-400.1] (Act=63130.9)
File: ./Dataset_MFCC/set_3/A023/4_055.mfc
H AH KITA OBJEKTIF KOK KIRA ZEIN  ==  [457 frames] -56.9441 [Ac=-25712.3 LM=-311.2] (Act=62569.4)
File: ./Dataset_MFCC/set_3/A079/10_258.mfc
AU GIE WAKINA AZABANAR  ==  [394 frames] -56.4799 [Ac=-22075.3 LM=-177.8] (Act=62310.7)
File: ./Dataset_MFCC/set_3/B103/7_163.mfc
AU RAHARDJO WIDI BERTEMU PUTRI MAYJEN HARI RABU MALAM PUKUL TIGA DINI HARI  ==  [697 frames] -60.9725 [Ac=-41920.0 LM=-577.9] (Act=63126.4)
File: ./Dataset_MFCC/set_3/A054/5_246.mfc
P DE HANYA SEPULUH ANGGOTA YANG KINI BERALIH KE SYAMSUL NURSALIM  ==  [571 frames] -59.7484 [Ac=-33627.4 LM=-489.0] (Act=62892.3)
File: ./Dataset_MFCC/set_3/B134/6_289.mfc
P PASAL SAHAM GLOBAL DAN DOLLAR AS MATHIN GOYAH  ==  [460 frames] -62.1210 [Ac=-28175.6 LM=-400.1] (Act=62579.9)
File: ./Dataset_MFCC/set_3/B126/9_041.mfc
H TIGA DUA TIGA TIGA TIGA EMPAT TIGA LIMA TIGA ENAM TIGA TUJUH TIGA DELAPAN TIGA SEMBILAN  ==  [707 frames] -63.4125 [Ac=-44077.0 LM=-755.7] (Act=63141.4)
File: ./Dataset_MFCC/set_3/B126/9_248.mfc
H GERINDRA SEGERA PANGGIL KANDIDAT CAGUB DKI  ==  [404 frames] -61.9342 [Ac=-24710.3 LM=-311.2] (Act=62357.2)
File: ./Dataset_MFCC/set_3/B012/2_172.mfc
AU KONDUITENYA SLAMET INI BAIK KOMENTAR KRITIKUS FILM LOKAL TAIWAN  ==  [578 frames] -60.9634 [Ac=-34792.3 LM=-444.5] (Act=62908.0)
File: ./Dataset_MFCC/set_3/A081/8_081.mfc
PECAH ROK SMAN ANDALAS HENTIKAN PRODUKSI  ==  [431 frames] -60.4419 [Ac=-25783.7 LM=-266.7] (Act=62471.8)
File: ./Dataset_MFCC/set_3/B126/9_139.mfc
H WAHAB KUSNADI SYAM PEMILIK VOLVO HITAM TIDAK MEMBAYAR PAJAK HOTEL  ==  [499 frames] -63.7860 [Ac=-31340.3 LM=-489.0] (Act=62705.5)
File: ./Dataset_MFCC/set_3/B012/2_026.mfc
H ELIT PKB KONGKOW-KONGKOW DI CIGANJUR SAMBIL MENDENGARKAN KOLEKSI NASYID TERBAIK  ==  [673 frames] -61.0084 [Ac=-40569.7 LM=-489.0] (Act=63088.5)
File: ./Dataset_MFCC/set_3/A006/1_115.mfc
AH GIE APAKAH SET BALE AND DIPESAN TATA DIUBAH  ==  [656 frames] -57.3197 [Ac=-37201.7 LM=-400.1] (Act=63060.1)
File: ./Dataset_MFCC/set_3/A054/5_122.mfc
FENG GIE MANGINDAAN DISAMBUT TEPUK TANGAN MERIAH OLEH SELURUH HADIRIN  ==  [558 frames] -59.6706 [Ac=-32851.7 LM=-444.5] (Act=62862.2)
File: ./Dataset_MFCC/set_3/A079/10_138.mfc
H H DAN JIKA ITU PERSOALANNYA INI LISA DISUSULKAN KETUA  ==  [545 frames] -59.6319 [Ac=-32054.9 LM=-444.5] (Act=62830.6)
File: ./Dataset_MFCC/set_3/B103/7_277.mfc
P SAYED HOESAINY INI DIKEJAR FANS SEBAB GANTENG  ==  [563 frames] -58.1934 [Ac=-32407.3 LM=-355.6] (Act=62873.9)
File: ./Dataset_MFCC/set_3/B103/7_047.mfc
P PENGAMBILAN ASET HINGGA KE UPAYA PAKSA BADAN  ==  [410 frames] -60.2496 [Ac=-24346.7 LM=-355.6] (Act=62383.9)
File: ./Dataset_MFCC/set_3/B012/2_239.mfc
H BERAPA BIAYA PEMBUATAN KAKAK  ==  [354 frames] -58.1444 [Ac=-20360.9 LM=-222.2] (Act=62098.7)
File: ./Dataset_MFCC/set_3/B012/2_228.mfc
PAK BAGAIMANA PROSEDUR MEMBUAT SHM  ==  [389 frames] -58.8110 [Ac=-22655.2 LM=-222.2] (Act=62286.6)
File: ./Dataset_MFCC/set_3/B126/9_135.mfc
TOH USAI WAWANCARA GERAK WAGUB BIDANG KESRA DJAELANI FIQ  ==  [413 frames] -63.0390 [Ac=-25635.1 LM=-400.1] (Act=62397.0)
File: ./Dataset_MFCC/set_3/A006/1_238.mfc
AU BISAKAH TELECONFERENCE INI DIHUBUNGI DARI TELEPON SELULER  ==  [763 frames] -57.6782 [Ac=-43652.8 LM=-355.6] (Act=63218.1)
File: ./Dataset_MFCC/set_3/A081/8_255.mfc
DE NYA TAPI KARNA FAKTOR LAIN KATA ROY TAMPAK MERINCI MAKSUD UCAPANNYA OH AU HAK  ==  [841 frames] -60.2567 [Ac=-50009.1 LM=-666.8] (Act=63308.0)
File: ./Dataset_MFCC/set_3/B012/2_194.mfc
P CEK PRIA ITU BERNAMA ABERSON MARLEY SIHALOHO  ==  [586 frames] -58.0974 [Ac=-33689.5 LM=-355.6] (Act=62925.5)
File: ./Dataset_MFCC/set_3/A081/8_076.mfc
PP HESTI SELEZAT APA-APA MASAKAN HOTEL PILIHANKU MASAKAN KAPAU WAYANG DIBUNGKUS  ==  [674 frames] -61.5344 [Ac=-40985.2 LM=-489.0] (Act=63090.2)
File: ./Dataset_MFCC/set_3/A006/2_171.mfc
AU NIH KE NOMER REKENING RATA SAYED ISA TRANSFER  ==  [555 frames] -57.9272 [Ac=-31749.5 LM=-400.1] (Act=62855.0)
File: ./Dataset_MFCC/set_3/B103/7_102.mfc
P PIHAKNYA JUGA MELAKUKAN KOORDINASI EKSTERN DENGAN NEGARA-NEGARA ISLAM DI DUNIA AKTE  ==  [750 frames] -59.8783 [Ac=-44375.3 LM=-533.4] (Act=63201.3)
File: ./Dataset_MFCC/set_3/B134/6_288.mfc
H PASAR BERGERAK RELATIF FLAT  ==  [347 frames] -59.9682 [Ac=-20586.7 LM=-222.2] (Act=62056.6)
File: ./Dataset_MFCC/set_3/B126/9_098.mfc
HUDA KILAH AKU MENANG TUJUH NOL UCAP ALBERT BERTANYA PERDA ZAINI P  ==  [508 frames] -63.5112 [Ac=-31730.3 LM=-533.4] (Act=62731.8)
File: ./Dataset_MFCC/set_3/A054/5_269.mfc
DE HAL INGIN DILAKUKAN DALAM RANGKAIAN MENUJU NYEPI  ==  [525 frames] -58.4412 [Ac=-30326.0 LM=-355.6] (Act=62778.9)
File: ./Dataset_MFCC/set_3/A081/8_151.mfc
ZAGE SINGKAT PDIP SAAT PANSUS GOLOK TUNGGU SIDANG PARIPURNA DPR  ==  [637 frames] -61.5054 [Ac=-38734.4 LM=-444.5] (Act=63026.5)
File: ./Dataset_MFCC/set_3/B103/7_165.mfc
P RAKYAT SUDAH BOSAN MENUAI ASAP  ==  [366 frames] -57.9288 [Ac=-20935.2 LM=-266.7] (Act=62167.2)
File: ./Dataset_MFCC/set_3/A023/4_117.mfc
FED KI LAWAN DR NUFAIL LAGI BANDEL-BANDELNYA  ==  [467 frames] -57.5343 [Ac=-26557.4 LM=-311.2] (Act=62604.0)
File: ./Dataset_MFCC/set_3/A023/4_284.mfc
AU GIE MENTERI KOPRAL SIM YANUSA KECIL ZARKASIH NON  ==  [543 frames] -56.6504 [Ac=-30361.1 LM=-400.1] (Act=62825.6)
File: ./Dataset_MFCC/set_3/A081/8_231.mfc
P TAHU ENGGAK SATU ORANG SEDANG KE JERUSALEM STAF SMITH  ==  [653 frames] -58.9942 [Ac=-38078.7 LM=-444.5] (Act=63054.9)
File: ./Dataset_MFCC/set_3/A079/10_005.mfc
AU NYA KI PIMPINAN DAN ANGGOTA DEWAN PERWAKILAN RAKYAT REPUBLIK INDONESIA YANG TERHORMAT  ==  [815 frames] -59.7564 [Ac=-48123.6 LM=-577.9] (Act=63279.9)
File: ./Dataset_MFCC/set_3/B126/9_092.mfc
H TUTUR LULUSAN STM FRANSISKUS JURUSAN TEKNIK LISTRIK ITU  ==  [515 frames] -63.3346 [Ac=-32217.3 LM=-400.1] (Act=62751.5)
File: ./Dataset_MFCC/set_3/B126/9_085.mfc
TOKOH PENTING GAM REKAMAN INDIA ANTAR LAIN MENKOPOLHUKAM LUHUR PANJAITAN  ==  [685 frames] -60.9735 [Ac=-41322.3 LM=-444.5] (Act=63107.8)
File: ./Dataset_MFCC/set_3/B103/7_030.mfc
PEMKAB BOGOR MENJALANKAN FUNGSI KONTROL  ==  [340 frames] -61.3672 [Ac=-20642.6 LM=-222.2] (Act=62012.7)
File: ./Dataset_MFCC/set_3/A081/8_064.mfc
PRAKTIK SELAIN UNTUK PEMBIAYAAN PENYELESAIAN AKTIVA EKS BANG DAN STOP KLIRING  ==  [695 frames] -61.8868 [Ac=-42522.4 LM=-489.0] (Act=63123.3)
File: ./Dataset_MFCC/set_3/B012/2_159.mfc
AU JIKA KUNJUNGAN ITU DIKATAKAN SEBAGAI UKHUWAH ISLAMIYAH SAYA TIDAK SETUJU  ==  [605 frames] -61.8082 [Ac=-36905.0 LM=-489.0] (Act=62965.1)
File: ./Dataset_MFCC/set_3/B012/2_047.mfc
H GINTINGS JUGA MENYAYANGKAN SIKAP GUBERNUR DIY YOGYA AH  ==  [588 frames] -60.6767 [Ac=-35277.8 LM=-400.1] (Act=62929.8)
File: ./Dataset_MFCC/set_3/B126/9_046.mfc
H TIM GINSENG MELAWAN TIM LABFOR LEBIH BAIKNYA SISI GOL TIGA NOL  ==  [499 frames] -62.7506 [Ac=-30779.2 LM=-533.4] (Act=62705.5)
File: ./Dataset_MFCC/set_3/A079/10_115.mfc
HEI KE KOMISI TIGA DPR RI MELAKUKAN RAPAT PLENO DALAM PENGAMBILAN KEPUTUSAN TERHADAP CALON KOMISI YUDISIAL  ==  [977 frames] -60.4452 [Ac=-58343.8 LM=-711.2] (Act=63430.3)
File: ./Dataset_MFCC/set_3/A079/10_097.mfc
H LOE OKE BAIK  ==  [328 frames] -56.7110 [Ac=-18423.4 LM=-177.8] (Act=61933.2)
File: ./Dataset_MFCC/set_3/A081/8_269.mfc
FIT TARMAN AZZAM ZUMROTIN DAN TARMIDZI HAKIM TELAH MENGECOH KONSUMEN  ==  [736 frames] -58.8095 [Ac=-42839.3 LM=-444.5] (Act=63182.6)
File: ./Dataset_MFCC/set_3/A081/8_142.mfc
KAU KI DE SIAP ENGGAK SIAP KITA HARUS SIAP NYI  ==  [426 frames] -59.6322 [Ac=-24958.8 LM=-444.5] (Act=62451.7)
File: ./Dataset_MFCC/set_3/B012/2_009.mfc
P KE DINILAI SRI DPRD ASYIK DENGAN MENGEJAR JABATAN DAN UANG SI  ==  [635 frames] -60.1550 [Ac=-37665.0 LM=-533.4] (Act=63022.8)
File: ./Dataset_MFCC/set_3/B012/2_059.mfc
JIP HAKIM AGUNG FIQ SYAFIUDDIN DIHARAPKAN MERUPAKAN ORANG EGALITER  ==  [749 frames] -59.5856 [Ac=-44229.5 LM=-400.1] (Act=63200.0)
File: ./Dataset_MFCC/set_3/A081/8_164.mfc
KE ROK SKENARIO SIDANG ISTIMEWA MENURUT FRAKSI PDIP MPR  ==  [727 frames] -59.2883 [Ac=-42702.5 LM=-400.1] (Act=63170.1)
File: ./Dataset_MFCC/set_3/B012/2_116.mfc
P INI TIDAK ADA HUBUNGANNYA DENGAR UMAT ISLAM KRISTEN HINDU MAUPUN UDAH  ==  [572 frames] -60.6331 [Ac=-34148.7 LM=-533.4] (Act=62894.6)
File: ./Dataset_MFCC/set_3/A054/5_174.mfc
HESTI DUA KONVOI LAIN LANGSUNG MELAKUKAN PERJALANAN MENUJU KEDUTAAN BESAR QATAR  ==  [669 frames] -59.6650 [Ac=-39426.9 LM=-489.0] (Act=63082.0)
File: ./Dataset_MFCC/set_3/A081/8_056.mfc
H SERANG ITU WILFRED JUGA AMBONG AKUN DIRINYA PEMILIK GROUP GEMALA  ==  [626 frames] -59.6493 [Ac=-36851.5 LM=-489.0] (Act=63006.1)
File: ./Dataset_MFCC/set_3/A054/5_182.mfc
EKS DE DALAM SUATU ACARA MALAM SYUKURAN TIDAK KELUARGA DANGDUTAN SEGALA IMBAU DIA  ==  [758 frames] -60.0901 [Ac=-44970.5 LM=-577.9] (Act=63211.7)
File: ./Dataset_MFCC/set_3/A079/10_065.mfc
NUH GIE SIAP WAYANG MENGUBAH JADWAL BAMUS SIANG TADINYA PERUBAHAN TATA TERTIB DPR RI  ==  [766 frames] -59.3154 [Ac=-44813.3 LM=-622.3] (Act=63221.9)
File: ./Dataset_MFCC/set_3/A079/10_060.mfc
DE NICK NICK TERIMA KASIH KAMIS SAMPAIKAN KEPADA SAUDARA HANAFI RAIS  ==  [640 frames] -60.1572 [Ac=-38011.7 LM=-489.0] (Act=63031.9)
File: ./Dataset_MFCC/set_3/A054/5_274.mfc
H LOE DIA MENGISYARATKAN LENGANG PERUT KHUSUS ITU  ==  [473 frames] -58.4214 [Ac=-27277.7 LM=-355.6] (Act=62624.1)
File: ./Dataset_MFCC/set_3/A081/8_010.mfc
RISTEK SET SEBAGAI ESA SATU OJEK KOMITMEN ITU H ORANG MINANG TEMUI SYAHRIL RABU PAGI  ==  [729 frames] -62.3045 [Ac=-44753.2 LM=-666.8] (Act=63172.9)
File: ./Dataset_MFCC/set_3/A081/8_146.mfc
NYA KHAS FIQ STAF SIAP WAYANG RUGI KALAU AYAMNYA MATI  ==  [407 frames] -61.2561 [Ac=-24486.7 LM=-444.5] (Act=62370.6)
File: ./Dataset_MFCC/set_3/B103/7_274.mfc
P SAYA MANTAN PANGDAM JAYA SJAFRIE SYAMSUDIN KHAWATIR TANPA SYARAT  ==  [720 frames] -58.1822 [Ac=-41446.7 LM=-444.5] (Act=63160.3)
File: ./Dataset_MFCC/set_3/A081/8_299.mfc
P TERKADANG PERWIRA BELUM NGOMONG AH SEDANG DIANTISIPASI NGOMONG INI  ==  [623 frames] -60.7449 [Ac=-37399.5 LM=-444.5] (Act=63000.4)
File: ./Dataset_MFCC/set_3/A081/8_170.mfc
CEK DE FENG SOAL ORANGNYA MENGAKU SEBAGAI TYASNO TAN DIMASUKKAN SEBAGAI SAKSI  ==  [753 frames] -60.4386 [Ac=-44976.9 LM=-533.4] (Act=63205.2)
File: ./Dataset_MFCC/set_3/A006/1_110.mfc
AU APAKAH DAUN SEMBILAN NYA SUDAH TERTUTUP ATAU MASIH TERBUKA  ==  [692 frames] -58.6115 [Ac=-40114.7 LM=-444.5] (Act=63118.7)
File: ./Dataset_MFCC/set_3/B103/7_273.mfc
P SAYA KWIK RUDI DAN UDIN PENGIKUT MBAH HASYIM DAN SOEKARNO UNGKAP YUS  ==  [682 frames] -59.9662 [Ac=-40319.1 LM=-577.9] (Act=63103.0)
File: ./Dataset_MFCC/set_3/B126/9_218.mfc
H BERBAGAI KEBIJAKAN DIKELUARKAN SEPERTI MEWAJIBKAN TRANSAKSI DALAM NEGERI MENGGUNAKAN RUPIAH  ==  [704 frames] -63.8405 [Ac=-44454.8 LM=-489.0] (Act=63136.9)
File: ./Dataset_MFCC/set_3/A081/8_123.mfc
SET DE SETELAH WUKUF SEUSAI EVAKUASI PUKUL SETENGAH ANAM  ==  [544 frames] -59.0324 [Ac=-31713.6 LM=-400.1] (Act=62828.1)
File: ./Dataset_MFCC/set_3/B126/9_152.mfc
H WALAUPUN KOLOM ITU LEBIH BANJAR BERSIFAT GLENYENGAN  ==  [395 frames] -64.3912 [Ac=-25078.9 LM=-355.6] (Act=62315.5)
File: ./Dataset_MFCC/set_3/A081/8_209.mfc
STAF SUSILO ADIL GAM MENGAKU SURYA MENGAJAKNYA MINUM KOPI DI CAFE HOTEL  ==  [643 frames] -62.0882 [Ac=-39389.3 LM=-533.4] (Act=63037.3)
File: ./Dataset_MFCC/set_3/A081/8_198.mfc
NYA LOE SUKANDAR UNTUK ZIMBABWE  ==  [398 frames] -57.6851 [Ac=-22736.4 LM=-222.2] (Act=62329.6)
File: ./Dataset_MFCC/set_3/B103/7_105.mfc
PILIH SEJAGO-JAGONYA PELATIH UNTUK CABANG GOLF  ==  [386 frames] -60.9386 [Ac=-23255.6 LM=-266.7] (Act=62271.8)
File: ./Dataset_MFCC/set_3/A081/8_033.mfc
FIQ SIH SEDANGKAN MEREKA EYANG TIDAK SETUJU ATAU ABSTAIN DIPERSILAKAN TETAP DUDUK  ==  [729 frames] -61.0860 [Ac=-43998.3 LM=-533.4] (Act=63172.9)
File: ./Dataset_MFCC/set_3/A054/5_259.mfc
DE KEPALA DINAS HINGGA LEVEL CAMAT BANYAK YANG DIPERIKSA KPK H  ==  [710 frames] -57.9472 [Ac=-40653.5 LM=-489.0] (Act=63145.8)
File: ./Dataset_MFCC/set_3/A054/5_109.mfc
H FIT SIH KETUA PERHIMPUNAN PENGUSAHA HI INDONESIA-TIONGHOA KIKI BAKRIE MENGAKUI HUBUNGAN INDONESIA DAN SINAR SANGAT BAIK  ==  [897 frames] -60.3636 [Ac=-53390.5 LM=-755.7] (Act=63362.9)
File: ./Dataset_MFCC/set_3/A054/5_111.mfc
KE SILATURAHMI DAN KEBERSAMAAN PADAHAL DAYA IDUL FITRI MENJADI ENERGI SOSIAL BANGSA INDONESIA  ==  [902 frames] -58.4037 [Ac=-52102.3 LM=-577.9] (Act=63367.4)
File: ./Dataset_MFCC/set_3/A023/4_225.mfc
ROK MEINE RELATIF PENDEK  ==  [388 frames] -57.8533 [Ac=-22269.3 LM=-177.8] (Act=62281.7)
File: ./Dataset_MFCC/set_3/A079/10_250.mfc
AU GIE AMPUNILAH SELURUH DOSA-DOSA KAMI  ==  [464 frames] -58.2428 [Ac=-26758.0 LM=-266.7] (Act=62593.8)
File: ./Dataset_MFCC/set_3/A006/2_190.mfc
AU PENDEKATAN YANG DIAMBIL HASSAN ABDEL RAHMAN UNTUK MENANGANI KEBAKARAN HUTAN CUKUP PRAGMATIS  ==  [965 frames] -58.8148 [Ac=-56178.4 LM=-577.9] (Act=63420.9)
File: ./Dataset_MFCC/set_3/A081/8_103.mfc
AKTIF SEPERTI CLURIT MANDAU ORDA TOMBAK MILIK MASS ISA INDEKOST  ==  [720 frames] -60.4563 [Ac=-43084.1 LM=-444.5] (Act=63160.3)
File: ./Dataset_MFCC/set_3/A079/10_079.mfc
FENG NICK SAYA INGIN MENANYAKAN SIAP WAYANG MENGUBAH JADWAL BAMUS  ==  [589 frames] -59.5463 [Ac=-34628.3 LM=-444.5] (Act=62931.9)
File: ./Dataset_MFCC/set_3/B126/9_017.mfc
H TETAPI PRAKARSA TUKAR DAN DIARTIKAN SEBAGAI EGOISME SEMPIT  ==  [465 frames] -62.8600 [Ac=-28829.9 LM=-400.1] (Act=62597.2)
File: ./Dataset_MFCC/set_3/A079/10_242.mfc
AU LOE IA ALA ACHYAR SYUKUR  ==  [431 frames] -56.3613 [Ac=-24025.0 LM=-266.7] (Act=62471.8)
File: ./Dataset_MFCC/set_3/B103/7_110.mfc
FIQ KALAU IYA SALAH NGECEK NILAINYA AKAN TURUN  ==  [464 frames] -59.2058 [Ac=-27115.9 LM=-355.6] (Act=62593.8)
File: ./Dataset_MFCC/set_3/B126/9_107.mfc
EH UNTUK ACARA TUTUP BUKU PERUSAHAN KAMI BIAYA KAMPANYE ATAU LAIN-LAINNYA  ==  [600 frames] -63.2883 [Ac=-37484.1 LM=-489.0] (Act=62954.9)
File: ./Dataset_MFCC/set_3/B012/2_123.mfc
FENG ISYARAT INI DIKEMUKAKAN CHOTIBUL UMAM WIRANU  ==  [513 frames] -60.5588 [Ac=-30755.5 LM=-311.2] (Act=62746.0)
File: ./Dataset_MFCC/set_3/A081/8_093.mfc
CEK KE SEMUA ITU MAU NYA ASIA SENDIRI  ==  [451 frames] -59.1793 [Ac=-26334.2 LM=-355.6] (Act=62547.8)
File: ./Dataset_MFCC/set_3/A054/5_300.mfc
DE BEGO UNTUK MERAMAL LERENG MERAPI SEBELAS SELATAN NICK KABUPATEN SLEMAN  ==  [755 frames] -57.6891 [Ac=-43066.3 LM=-489.0] (Act=63207.9)
File: ./Dataset_MFCC/set_3/A081/8_245.mfc
NYI TAK TAMPAK DISEBUTKAN DETAIL CARANYA TAMBAH ROY  ==  [557 frames] -59.4321 [Ac=-32748.1 LM=-355.6] (Act=62859.8)
File: ./Dataset_MFCC/set_3/A079/10_271.mfc
FIQ FIQ GOYANG MANG KATA PEDANGDUT BERBAJU SERONOK ITU  ==  [521 frames] -58.9548 [Ac=-30315.4 LM=-400.1] (Act=62768.1)
File: ./Dataset_MFCC/set_3/A054/5_075.mfc
SIH DE GIE MEREKA MEMUNCULKANNYA LEWAT PETIKAN DAWAI GITAR ATAU UKULELE  ==  [747 frames] -58.1331 [Ac=-42936.5 LM=-489.0] (Act=63197.4)
File: ./Dataset_MFCC/set_3/B012/2_143.mfc
P JALAN REZEKINYA MEMANG HARUS BEGINI JELAS SRI  ==  [450 frames] -60.3556 [Ac=-26804.4 LM=-355.6] (Act=62544.2)
File: ./Dataset_MFCC/set_3/B126/9_225.mfc
H PENYAKIT HAL ALZHEIMER AH MEMANG BUKANLAH PENYAKIT BARU  ==  [552 frames] -60.5822 [Ac=-33041.3 LM=-400.1] (Act=62847.8)
File: ./Dataset_MFCC/set_3/A079/10_074.mfc
PING AHAD ITU SAJA TERIMA KASIH  ==  [371 frames] -59.4420 [Ac=-21786.3 LM=-266.7] (Act=62194.4)
File: ./Dataset_MFCC/set_3/B126/9_160.mfc
H WILFRED SIMATUPANG WASPADAI DAGING GLONGGONGAN  ==  [415 frames] -63.0261 [Ac=-25889.1 LM=-266.7] (Act=62405.7)
File: ./Dataset_MFCC/set_3/A081/8_120.mfc
EKS KE NICK SETELAH DIADAKAN SEPREI LAPANGAN PUKUL SETENGAH DELAPAN  ==  [586 frames] -60.3838 [Ac=-34940.4 LM=-444.5] (Act=62925.5)
File: ./Dataset_MFCC/set_3/B012/2_169.mfc
P KAMI BERHARAP ADANYA KONSOLIDASI LEBIH ERAT LAGI ANTARA PASAR MODAL DENGAN PEMERINTAH  ==  [761 frames] -61.4407 [Ac=-46178.5 LM=-577.9] (Act=63215.6)
File: ./Dataset_MFCC/set_3/B134/6_248.mfc
PADA SAAT MENGHADIRI FORUM REMBUG NASIONAL  ==  [293 frames] -65.7462 [Ac=-18996.9 LM=-266.7] (Act=61663.9)
File: ./Dataset_MFCC/set_3/A081/8_251.mfc
P TAPI ENTAHLAH NILAI EBTANAS MURNI ATAU TIDAK HANYA KE WAYANG JAUH DE SI DE  ==  [732 frames] -60.0061 [Ac=-43257.7 LM=-666.8] (Act=63177.1)
File: ./Dataset_MFCC/set_3/A079/10_052.mfc
HEI HEI IKA SAYA HARAP SAUDARA NGIKUT TIDAK MENIRUKAN KATA-KATA SAYANG DENGAN HIKMAT  ==  [716 frames] -59.3190 [Ac=-41894.6 LM=-577.9] (Act=63154.5)
File: ./Dataset_MFCC/set_3/B019/3_170.mfc
KE KALAU MAU LIAR TIAP WETON UJARNYA  ==  [362 frames] -61.1158 [Ac=-21812.8 LM=-311.2] (Act=62144.9)
File: ./Dataset_MFCC/set_3/A054/5_164.mfc
NYA GIE GIE BRIGADE INFANTERI NOMER LUAR TIGA DUA EMPAT P  ==  [617 frames] -58.3720 [Ac=-35526.6 LM=-489.0] (Act=62988.8)
File: ./Dataset_MFCC/set_3/B126/9_180.mfc
KE KEBAKARAN JUGA MELANDA H AREAL TRANSMIGRASI CEK  ==  [397 frames] -63.2039 [Ac=-24736.4 LM=-355.6] (Act=62324.9)
File: ./Dataset_MFCC/set_3/A054/5_160.mfc
H DE GIE PINTAR INFO BILLING AIR PAM ATAU BILLING AIR BULAN NOPEMBER DONG EMAS  ==  [689 frames] -58.9542 [Ac=-39952.7 LM=-666.8] (Act=63114.1)
File: ./Dataset_MFCC/set_3/B103/7_190.mfc
KI RINCI SYAIFUDDIN TEROWONGAN GAZA RUNTUH TIGA ORANG TEWAS  ==  [587 frames] -59.5169 [Ac=-34536.4 LM=-400.1] (Act=62927.6)
File: ./Dataset_MFCC/set_3/B012/2_296.mfc
ROK DAPATKAH SAYA MEMINTA PENJELASAN DETAIL RINCIAN PEMBAYARANNYA  ==  [550 frames] -60.7161 [Ac=-33038.2 LM=-355.6] (Act=62842.9)
File: ./Dataset_MFCC/set_3/A054/5_292.mfc
NYA KETUA FRAKSI PARTAI GOLKAR DPR SYAMSUL MUARIF MENGAKUI HAL ITU  ==  [693 frames] -58.3560 [Ac=-39951.7 LM=-489.0] (Act=63120.3)
File: ./Dataset_MFCC/set_3/B126/9_093.mfc
EKS TYASNO SUDARTO DAN TONY ADAMS ADALAH WARGA SUNGAI TIRAM  ==  [586 frames] -62.8654 [Ac=-36394.6 LM=-444.5] (Act=62925.5)
File: ./Dataset_MFCC/set_3/B012/2_235.mfc
P BAGAIMANA TARIF PERCAKAPAN TELKOMTELECONFERENCE  ==  [498 frames] -58.8141 [Ac=-29067.2 LM=-222.2] (Act=62702.5)
File: ./Dataset_MFCC/set_3/A079/10_147.mfc
P INI SETUJU DIN RUBAH ATAU TIDAK  ==  [416 frames] -58.0391 [Ac=-23833.1 LM=-311.2] (Act=62409.9)
File: ./Dataset_MFCC/set_3/A081/8_130.mfc
CEK LOE SETIAP TAHUN PASTI KAU WONOSARI GAS SIDOARJO  ==  [501 frames] -60.7500 [Ac=-30035.7 LM=-400.1] (Act=62711.4)
File: ./Dataset_MFCC/set_3/A006/2_182.mfc
KE GIE GIE KREATIVITAS TERAS DALAM MEMENEJ PERSONEL  ==  [544 frames] -58.6645 [Ac=-31557.9 LM=-355.6] (Act=62828.1)
File: ./Dataset_MFCC/set_3/A081/8_182.mfc
FIT DE STAF SENATOR MEMBAHAS SOAL STRATEGI KONVOI  ==  [513 frames] -60.0078 [Ac=-30428.4 LM=-355.6] (Act=62746.0)
File: ./Dataset_MFCC/set_3/A079/10_243.mfc
HAK KI DALAM SUASANA PENUH HIKMAT INI KAMI MEMANJATKAN MASSAL SYUKUR SEDALAM-DALAMNYA  ==  [747 frames] -59.8046 [Ac=-44140.7 LM=-533.4] (Act=63197.4)
File: ./Dataset_MFCC/set_3/B126/9_296.mfc
AH SULTAN DALAM SABDATAMA TAK WENDA KI ORANG LUAR KERATON IKUT CAMPUR DALAM SUKSESI TAKHTA  ==  [817 frames] -62.9179 [Ac=-50737.2 LM=-666.8] (Act=63282.2)
File: ./Dataset_MFCC/set_3/B103/7_171.mfc
P RAPAT ANTAR DAERAH DIADAKAN TEPAT PUKUL TIDAK  ==  [467 frames] -60.4055 [Ac=-27853.8 LM=-355.6] (Act=62604.0)
File: ./Dataset_MFCC/set_3/B126/9_070.mfc
FED CUCU PULUH ENAM ORANG BERGABUNG SEBAGAI PESERTA TERMASUK BAPAK TYASNO  ==  [497 frames] -64.7860 [Ac=-31709.7 LM=-489.0] (Act=62699.6)
File: ./Dataset_MFCC/set_3/A054/5_078.mfc
H H GIE MEREKA PUN DITANYAI OLEH MAMI FUZI MINGGU SORE  ==  [622 frames] -58.2552 [Ac=-35745.8 LM=-489.0] (Act=62998.5)
File: ./Dataset_MFCC/set_3/B012/2_036.mfc
CEK FOCUS PEMBAHASANNYA PADAT TAPA TERTIB FRAKSI  ==  [429 frames] -60.4299 [Ac=-25613.3 LM=-311.2] (Act=62463.8)
File: ./Dataset_MFCC/set_3/B103/7_162.mfc
P RADIO SWASTA ITU DIKELOLA TIDAK PULUH DUA ORANG GROUP  ==  [502 frames] -61.5186 [Ac=-30437.8 LM=-444.5] (Act=62714.4)
File: ./Dataset_MFCC/set_3/A006/2_189.mfc
AU KRITIKAN UWE KINI PERANG SEMUA UPAYA DIALOG  ==  [619 frames] -57.4579 [Ac=-35210.8 LM=-355.6] (Act=62992.7)
File: ./Dataset_MFCC/set_3/B012/2_032.mfc
P EPISENTRUM GEMPA LIWA TERLETAK DI DARATAN  ==  [418 frames] -59.8298 [Ac=-24697.7 LM=-311.2] (Act=62418.4)
